================================================================
== Vivado Place & Route Results
================================================================
+ General Information:
    * Date:            Mon Jul 28 16:31:32 -0300 2025
    * Version:         2025.1 (Build 6135595 on May 21 2025)
    * Project:         soma_array_generic_10000
    * Solution:        hls (Vivado IP Flow Target)
    * Product family:  spartan7
    * Target device:   xc7s50-csga324-1


================================================================
== Run Constraints & Options
================================================================
+ Design Constraints & Options:
    * Place & Route target clock:  10 ns
    * C-Synthesis uncertainty:     27%

+ RTL Synthesis Options:
    * config_export -vivado_synth_strategy:     default
    * config_export -vivado_synth_design_args:  -directive sdx_optimization_effort_high

+ Place & Route Options:
    * config_export -vivado_impl_strategy:  default
    * config_export -vivado_phys_opt:       auto

+ Reporting Options:
    * config_export -vivado_report_level:      2
    * config_export -vivado_max_timing_paths:  10


================================================================
== Place & Route Resource Summary
================================================================
LUT:              229
FF:               174
DSP:              3
BRAM:             96
URAM:             0
SRL:              11


================================================================
== Place & Route Timing Summary
================================================================
* Timing was met
+----------------+-------------+
| Timing         | Period (ns) |
+----------------+-------------+
| Target         | 10.000      |
| Post-Synthesis | 5.745       |
| Post-Route     | 6.780       |
+----------------+-------------+


================================================================
== Place & Route Resources
================================================================
+----------------------------------+-----+-----+-----+------+------+-----+--------+------+---------+----------+--------+
| Name                             | LUT | FF  | DSP | BRAM | URAM | SRL | Pragma | Impl | Latency | Variable | Source |
+----------------------------------+-----+-----+-----+------+------+-----+--------+------+---------+----------+--------+
| inst                             | 229 | 174 | 3   | 96   |      |     |        |      |         |          |        |
|   (inst)                         | 11  | 85  |     |      |      |     |        |      |         |          |        |
|   control_s_axi_U                | 156 | 70  |     | 96   |      |     |        |      |         |          |        |
|   flow_control_loop_delay_pipe_U | 53  | 2   |     |      |      |     |        |      |         |          |        |
|   mul_32s_32s_32_2_1_U1          |     |     |     |      |      |     |        |      |         |          |        |
+----------------------------------+-----+-----+-----+------+------+-----+--------+------+---------+----------+--------+


================================================================
== Place & Route Fail Fast
================================================================
+-----------------------------------------------------------+-----------+--------+--------+
| Criteria                                                  | Guideline | Actual | Status |
+-----------------------------------------------------------+-----------+--------+--------+
| LUT                                                       | 70%       | 0.70%  | OK     |
| FD                                                        | 50%       | 0.27%  | OK     |
| LUTRAM+SRL                                                | 25%       | 0.11%  | OK     |
| MUXF7                                                     | 15%       | 0.00%  | OK     |
| DSP                                                       | 80%       | 2.50%  | OK     |
| RAMB/FIFO                                                 | 80%       | 64.00% | OK     |
| DSP+RAMB+URAM (Avg)                                       | 70%       | 33.25% | OK     |
| BUFGCE* + BUFGCTRL                                        | 24        | 0      | OK     |
| DONT_TOUCH (cells/nets)                                   | 0         | 0      | OK     |
| MARK_DEBUG (nets)                                         | 0         | 0      | OK     |
| Control Sets                                              | 611       | 7      | OK     |
| Average Fanout for modules > 100k cells                   | 4         | 3.43   | OK     |
| Max Average Fanout for modules > 100k cells               | 4         | 0      | OK     |
| Non-FD high fanout nets > 10k loads                       | 0         | 0      | OK     |
+-----------------------------------------------------------+-----------+--------+--------+
| TIMING-6 (No common primary clock between related clocks) | 0         | 0      | OK     |
| TIMING-7 (No common node between related clocks)          | 0         | 0      | OK     |
| TIMING-8 (No common period between related clocks)        | 0         | 0      | OK     |
| TIMING-14 (LUT on the clock tree)                         | 0         | 0      | OK     |
| TIMING-35 (No common node in paths with the same clock)   | 0         | 0      | OK     |
+-----------------------------------------------------------+-----------+--------+--------+
| Number of paths above max LUT budgeting (0.575ns)         | 0         | 0      | OK     |
| Number of paths above max Net budgeting (0.403ns)         | 0         | 0      | OK     |
+-----------------------------------------------------------+-----------+--------+--------+


================================================================
== Place & Route Timing Paths
================================================================
* Timing was met
+-------+-------+--------------------------------------------+--------------------------------------------------+--------------+------------+----------------+----------------+--------------+
| Path  | SLACK | STARTPOINT PIN                             | ENDPOINT PIN                                     | LOGIC LEVELS | MAX FANOUT | DATAPATH DELAY | DATAPATH LOGIC | DATAPATH NET |
|       |       |                                            |                                                  |              |            |                |          DELAY |        DELAY |
+-------+-------+--------------------------------------------+--------------------------------------------------+--------------+------------+----------------+----------------+--------------+
| Path1 | 3.220 | i1_fu_60_reg[7]/C                          | control_s_axi_U/int_B/mem_reg_1_2/ADDRBWRADDR[8] |            1 |         10 |          6.130 |          0.580 |        5.550 |
| Path2 | 3.488 | control_s_axi_U/FSM_onehot_rstate_reg[1]/C | control_s_axi_U/int_C/mem_reg_0_0/ENBWREN        |            1 |         82 |          5.783 |          0.608 |        5.175 |
| Path3 | 3.558 | i1_fu_60_reg[7]/C                          | control_s_axi_U/int_B/mem_reg_1_1/ADDRBWRADDR[8] |            1 |         10 |          5.792 |          0.580 |        5.212 |
| Path4 | 3.613 | control_s_axi_U/FSM_onehot_rstate_reg[1]/C | control_s_axi_U/rdata_reg[19]/R                  |            1 |         82 |          5.577 |          0.608 |        4.969 |
| Path5 | 3.654 | control_s_axi_U/FSM_onehot_rstate_reg[1]/C | control_s_axi_U/int_B/mem_reg_1_2/ADDRARDADDR[2] |            1 |         82 |          5.696 |          0.580 |        5.116 |
+-------+-------+--------------------------------------------+--------------------------------------------------+--------------+------------+----------------+----------------+--------------+

    +-------------------------------------------------+----------------------+
    | Path1 Cells                                     | Primitive Type       |
    +-------------------------------------------------+----------------------+
    | i1_fu_60_reg[7]                                 | FLOP_LATCH.flop.FDRE |
    | flow_control_loop_delay_pipe_U/mem_reg_0_0_i_23 | LUT.others.LUT4      |
    | control_s_axi_U/int_B/mem_reg_1_2               | BMEM.bram.RAMB36E1   |
    | control_s_axi_U/FSM_onehot_rstate_reg[1]        | FLOP_LATCH.flop.FDRE |
    | control_s_axi_U/int_C/mem_reg_0_0_i_2           | LUT.others.LUT2      |
    | control_s_axi_U/int_C/mem_reg_0_0               | BMEM.bram.RAMB36E1   |
    | i1_fu_60_reg[7]                                 | FLOP_LATCH.flop.FDRE |
    | flow_control_loop_delay_pipe_U/mem_reg_0_0_i_23 | LUT.others.LUT4      |
    | control_s_axi_U/int_B/mem_reg_1_1               | BMEM.bram.RAMB36E1   |
    | control_s_axi_U/FSM_onehot_rstate_reg[1]        | FLOP_LATCH.flop.FDRE |
    | control_s_axi_U/rdata[31]_i_1                   | LUT.others.LUT2      |
    | control_s_axi_U/rdata_reg[19]                   | FLOP_LATCH.flop.FDRE |
    | control_s_axi_U/FSM_onehot_rstate_reg[1]        | FLOP_LATCH.flop.FDRE |
    | control_s_axi_U/int_B/mem_reg_0_0_i_15          | LUT.others.LUT4      |
    | control_s_axi_U/int_B/mem_reg_1_2               | BMEM.bram.RAMB36E1   |
    +-------------------------------------------------+----------------------+

    +-------------------------------------------------+----------------------+
    | Path2 Cells                                     | Primitive Type       |
    +-------------------------------------------------+----------------------+
    | i1_fu_60_reg[7]                                 | FLOP_LATCH.flop.FDRE |
    | flow_control_loop_delay_pipe_U/mem_reg_0_0_i_23 | LUT.others.LUT4      |
    | control_s_axi_U/int_B/mem_reg_1_2               | BMEM.bram.RAMB36E1   |
    | control_s_axi_U/FSM_onehot_rstate_reg[1]        | FLOP_LATCH.flop.FDRE |
    | control_s_axi_U/int_C/mem_reg_0_0_i_2           | LUT.others.LUT2      |
    | control_s_axi_U/int_C/mem_reg_0_0               | BMEM.bram.RAMB36E1   |
    | i1_fu_60_reg[7]                                 | FLOP_LATCH.flop.FDRE |
    | flow_control_loop_delay_pipe_U/mem_reg_0_0_i_23 | LUT.others.LUT4      |
    | control_s_axi_U/int_B/mem_reg_1_1               | BMEM.bram.RAMB36E1   |
    | control_s_axi_U/FSM_onehot_rstate_reg[1]        | FLOP_LATCH.flop.FDRE |
    | control_s_axi_U/rdata[31]_i_1                   | LUT.others.LUT2      |
    | control_s_axi_U/rdata_reg[19]                   | FLOP_LATCH.flop.FDRE |
    | control_s_axi_U/FSM_onehot_rstate_reg[1]        | FLOP_LATCH.flop.FDRE |
    | control_s_axi_U/int_B/mem_reg_0_0_i_15          | LUT.others.LUT4      |
    | control_s_axi_U/int_B/mem_reg_1_2               | BMEM.bram.RAMB36E1   |
    +-------------------------------------------------+----------------------+

    +-------------------------------------------------+----------------------+
    | Path3 Cells                                     | Primitive Type       |
    +-------------------------------------------------+----------------------+
    | i1_fu_60_reg[7]                                 | FLOP_LATCH.flop.FDRE |
    | flow_control_loop_delay_pipe_U/mem_reg_0_0_i_23 | LUT.others.LUT4      |
    | control_s_axi_U/int_B/mem_reg_1_2               | BMEM.bram.RAMB36E1   |
    | control_s_axi_U/FSM_onehot_rstate_reg[1]        | FLOP_LATCH.flop.FDRE |
    | control_s_axi_U/int_C/mem_reg_0_0_i_2           | LUT.others.LUT2      |
    | control_s_axi_U/int_C/mem_reg_0_0               | BMEM.bram.RAMB36E1   |
    | i1_fu_60_reg[7]                                 | FLOP_LATCH.flop.FDRE |
    | flow_control_loop_delay_pipe_U/mem_reg_0_0_i_23 | LUT.others.LUT4      |
    | control_s_axi_U/int_B/mem_reg_1_1               | BMEM.bram.RAMB36E1   |
    | control_s_axi_U/FSM_onehot_rstate_reg[1]        | FLOP_LATCH.flop.FDRE |
    | control_s_axi_U/rdata[31]_i_1                   | LUT.others.LUT2      |
    | control_s_axi_U/rdata_reg[19]                   | FLOP_LATCH.flop.FDRE |
    | control_s_axi_U/FSM_onehot_rstate_reg[1]        | FLOP_LATCH.flop.FDRE |
    | control_s_axi_U/int_B/mem_reg_0_0_i_15          | LUT.others.LUT4      |
    | control_s_axi_U/int_B/mem_reg_1_2               | BMEM.bram.RAMB36E1   |
    +-------------------------------------------------+----------------------+

    +-------------------------------------------------+----------------------+
    | Path4 Cells                                     | Primitive Type       |
    +-------------------------------------------------+----------------------+
    | i1_fu_60_reg[7]                                 | FLOP_LATCH.flop.FDRE |
    | flow_control_loop_delay_pipe_U/mem_reg_0_0_i_23 | LUT.others.LUT4      |
    | control_s_axi_U/int_B/mem_reg_1_2               | BMEM.bram.RAMB36E1   |
    | control_s_axi_U/FSM_onehot_rstate_reg[1]        | FLOP_LATCH.flop.FDRE |
    | control_s_axi_U/int_C/mem_reg_0_0_i_2           | LUT.others.LUT2      |
    | control_s_axi_U/int_C/mem_reg_0_0               | BMEM.bram.RAMB36E1   |
    | i1_fu_60_reg[7]                                 | FLOP_LATCH.flop.FDRE |
    | flow_control_loop_delay_pipe_U/mem_reg_0_0_i_23 | LUT.others.LUT4      |
    | control_s_axi_U/int_B/mem_reg_1_1               | BMEM.bram.RAMB36E1   |
    | control_s_axi_U/FSM_onehot_rstate_reg[1]        | FLOP_LATCH.flop.FDRE |
    | control_s_axi_U/rdata[31]_i_1                   | LUT.others.LUT2      |
    | control_s_axi_U/rdata_reg[19]                   | FLOP_LATCH.flop.FDRE |
    | control_s_axi_U/FSM_onehot_rstate_reg[1]        | FLOP_LATCH.flop.FDRE |
    | control_s_axi_U/int_B/mem_reg_0_0_i_15          | LUT.others.LUT4      |
    | control_s_axi_U/int_B/mem_reg_1_2               | BMEM.bram.RAMB36E1   |
    +-------------------------------------------------+----------------------+

    +-------------------------------------------------+----------------------+
    | Path5 Cells                                     | Primitive Type       |
    +-------------------------------------------------+----------------------+
    | i1_fu_60_reg[7]                                 | FLOP_LATCH.flop.FDRE |
    | flow_control_loop_delay_pipe_U/mem_reg_0_0_i_23 | LUT.others.LUT4      |
    | control_s_axi_U/int_B/mem_reg_1_2               | BMEM.bram.RAMB36E1   |
    | control_s_axi_U/FSM_onehot_rstate_reg[1]        | FLOP_LATCH.flop.FDRE |
    | control_s_axi_U/int_C/mem_reg_0_0_i_2           | LUT.others.LUT2      |
    | control_s_axi_U/int_C/mem_reg_0_0               | BMEM.bram.RAMB36E1   |
    | i1_fu_60_reg[7]                                 | FLOP_LATCH.flop.FDRE |
    | flow_control_loop_delay_pipe_U/mem_reg_0_0_i_23 | LUT.others.LUT4      |
    | control_s_axi_U/int_B/mem_reg_1_1               | BMEM.bram.RAMB36E1   |
    | control_s_axi_U/FSM_onehot_rstate_reg[1]        | FLOP_LATCH.flop.FDRE |
    | control_s_axi_U/rdata[31]_i_1                   | LUT.others.LUT2      |
    | control_s_axi_U/rdata_reg[19]                   | FLOP_LATCH.flop.FDRE |
    | control_s_axi_U/FSM_onehot_rstate_reg[1]        | FLOP_LATCH.flop.FDRE |
    | control_s_axi_U/int_B/mem_reg_0_0_i_15          | LUT.others.LUT4      |
    | control_s_axi_U/int_B/mem_reg_1_2               | BMEM.bram.RAMB36E1   |
    +-------------------------------------------------+----------------------+


================================================================
== Place & Route Vivado Reports
================================================================
+--------------------------+-----------------------------------------------------------------------+
| Report Type              | Report Location                                                       |
+--------------------------+-----------------------------------------------------------------------+
| design_analysis          | impl/verilog/report/generic_10000_design_analysis_routed.rpt          |
| failfast                 | impl/verilog/report/generic_10000_failfast_routed.rpt                 |
| power                    | impl/verilog/report/generic_10000_power_routed.rpt                    |
| status                   | impl/verilog/report/generic_10000_status_routed.rpt                   |
| timing                   | impl/verilog/report/generic_10000_timing_routed.rpt                   |
| timing_paths             | impl/verilog/report/generic_10000_timing_paths_routed.rpt             |
| utilization              | impl/verilog/report/generic_10000_utilization_routed.rpt              |
| utilization_hierarchical | impl/verilog/report/generic_10000_utilization_hierarchical_routed.rpt |
+--------------------------+-----------------------------------------------------------------------+


