Copyright 1986-2022 Xilinx, Inc. All Rights Reserved. Copyright 2022-2025 Advanced Micro Devices, Inc. All Rights Reserved.
---------------------------------------------------------------------------------------------------------------------------------------------
| Tool Version : Vivado v.2025.1 (win64) Build 6140274 Thu May 22 00:12:29 MDT 2025
| Date         : Fri Jul 18 17:55:15 2025
| Host         : DESKTOP-8L9PMU5 running 64-bit major release  (build 9200)
| Command      : report_timing -max_paths 10 -file ./report/mult_hw_1000_timing_paths_synth.rpt
| Design       : bd_0_wrapper
| Device       : 7s50-csga324
| Speed File   : -1  PRODUCTION 1.23 2018-06-13
| Design State : Synthesized
---------------------------------------------------------------------------------------------------------------------------------------------

Timing Report

Slack (MET) :             4.255ns  (required time - arrival time)
  Source:                 bd_0_i/hls_inst/inst/mul_32s_32s_32_2_1_U1/tmp_product__0/CLK
                            (rising edge-triggered cell DSP48E1 clocked by ap_clk  {rise@0.000ns fall@5.000ns period=10.000ns})
  Destination:            bd_0_i/hls_inst/inst/mul_32s_32s_32_2_1_U1/buff0_reg/PCIN[0]
                            (rising edge-triggered cell DSP48E1 clocked by ap_clk  {rise@0.000ns fall@5.000ns period=10.000ns})
  Path Group:             ap_clk
  Path Type:              Setup (Max at Slow Process Corner)
  Requirement:            10.000ns  (ap_clk rise@10.000ns - ap_clk rise@0.000ns)
  Data Path Delay:        4.261ns  (logic 4.206ns (98.709%)  route 0.055ns (1.291%))
  Logic Levels:           0  
  Clock Path Skew:        -0.049ns (DCD - SCD + CPR)
    Destination Clock Delay (DCD):    0.924ns = ( 10.924 - 10.000 ) 
    Source Clock Delay      (SCD):    0.973ns
    Clock Pessimism Removal (CPR):    0.000ns
  Clock Uncertainty:      0.035ns  ((TSJ^2 + TIJ^2)^1/2 + DJ) / 2 + PE
    Total System Jitter     (TSJ):    0.071ns
    Total Input Jitter      (TIJ):    0.000ns
    Discrete Jitter          (DJ):    0.000ns
    Phase Error              (PE):    0.000ns

    Location             Delay type                Incr(ns)  Path(ns)    Netlist Resource(s)
  -------------------------------------------------------------------    -------------------
                         (clock ap_clk rise edge)     0.000     0.000 r  
                                                      0.000     0.000 r  ap_clk (IN)
                         net (fo=163, unset)          0.973     0.973    bd_0_i/hls_inst/inst/mul_32s_32s_32_2_1_U1/ap_clk
                         DSP48E1                                      r  bd_0_i/hls_inst/inst/mul_32s_32s_32_2_1_U1/tmp_product__0/CLK
  -------------------------------------------------------------------    -------------------
                         DSP48E1 (Prop_dsp48e1_CLK_PCOUT[0])
                                                      4.206     5.179 r  bd_0_i/hls_inst/inst/mul_32s_32s_32_2_1_U1/tmp_product__0/PCOUT[0]
                         net (fo=1, unplaced)         0.055     5.234    bd_0_i/hls_inst/inst/mul_32s_32s_32_2_1_U1/tmp_product__0_n_153
                         DSP48E1                                      r  bd_0_i/hls_inst/inst/mul_32s_32s_32_2_1_U1/buff0_reg/PCIN[0]
  -------------------------------------------------------------------    -------------------

                         (clock ap_clk rise edge)    10.000    10.000 r  
                                                      0.000    10.000 r  ap_clk (IN)
                         net (fo=163, unset)          0.924    10.924    bd_0_i/hls_inst/inst/mul_32s_32s_32_2_1_U1/ap_clk
                         DSP48E1                                      r  bd_0_i/hls_inst/inst/mul_32s_32s_32_2_1_U1/buff0_reg/CLK
                         clock pessimism              0.000    10.924    
                         clock uncertainty           -0.035    10.889    
                         DSP48E1 (Setup_dsp48e1_CLK_PCIN[0])
                                                     -1.400     9.489    bd_0_i/hls_inst/inst/mul_32s_32s_32_2_1_U1/buff0_reg
  -------------------------------------------------------------------
                         required time                          9.489    
                         arrival time                          -5.234    
  -------------------------------------------------------------------
                         slack                                  4.255    

Slack (MET) :             4.255ns  (required time - arrival time)
  Source:                 bd_0_i/hls_inst/inst/mul_32s_32s_32_2_1_U1/tmp_product__0/CLK
                            (rising edge-triggered cell DSP48E1 clocked by ap_clk  {rise@0.000ns fall@5.000ns period=10.000ns})
  Destination:            bd_0_i/hls_inst/inst/mul_32s_32s_32_2_1_U1/buff0_reg/PCIN[10]
                            (rising edge-triggered cell DSP48E1 clocked by ap_clk  {rise@0.000ns fall@5.000ns period=10.000ns})
  Path Group:             ap_clk
  Path Type:              Setup (Max at Slow Process Corner)
  Requirement:            10.000ns  (ap_clk rise@10.000ns - ap_clk rise@0.000ns)
  Data Path Delay:        4.261ns  (logic 4.206ns (98.709%)  route 0.055ns (1.291%))
  Logic Levels:           0  
  Clock Path Skew:        -0.049ns (DCD - SCD + CPR)
    Destination Clock Delay (DCD):    0.924ns = ( 10.924 - 10.000 ) 
    Source Clock Delay      (SCD):    0.973ns
    Clock Pessimism Removal (CPR):    0.000ns
  Clock Uncertainty:      0.035ns  ((TSJ^2 + TIJ^2)^1/2 + DJ) / 2 + PE
    Total System Jitter     (TSJ):    0.071ns
    Total Input Jitter      (TIJ):    0.000ns
    Discrete Jitter          (DJ):    0.000ns
    Phase Error              (PE):    0.000ns

    Location             Delay type                Incr(ns)  Path(ns)    Netlist Resource(s)
  -------------------------------------------------------------------    -------------------
                         (clock ap_clk rise edge)     0.000     0.000 r  
                                                      0.000     0.000 r  ap_clk (IN)
                         net (fo=163, unset)          0.973     0.973    bd_0_i/hls_inst/inst/mul_32s_32s_32_2_1_U1/ap_clk
                         DSP48E1                                      r  bd_0_i/hls_inst/inst/mul_32s_32s_32_2_1_U1/tmp_product__0/CLK
  -------------------------------------------------------------------    -------------------
                         DSP48E1 (Prop_dsp48e1_CLK_PCOUT[10])
                                                      4.206     5.179 r  bd_0_i/hls_inst/inst/mul_32s_32s_32_2_1_U1/tmp_product__0/PCOUT[10]
                         net (fo=1, unplaced)         0.055     5.234    bd_0_i/hls_inst/inst/mul_32s_32s_32_2_1_U1/tmp_product__0_n_143
                         DSP48E1                                      r  bd_0_i/hls_inst/inst/mul_32s_32s_32_2_1_U1/buff0_reg/PCIN[10]
  -------------------------------------------------------------------    -------------------

                         (clock ap_clk rise edge)    10.000    10.000 r  
                                                      0.000    10.000 r  ap_clk (IN)
                         net (fo=163, unset)          0.924    10.924    bd_0_i/hls_inst/inst/mul_32s_32s_32_2_1_U1/ap_clk
                         DSP48E1                                      r  bd_0_i/hls_inst/inst/mul_32s_32s_32_2_1_U1/buff0_reg/CLK
                         clock pessimism              0.000    10.924    
                         clock uncertainty           -0.035    10.889    
                         DSP48E1 (Setup_dsp48e1_CLK_PCIN[10])
                                                     -1.400     9.489    bd_0_i/hls_inst/inst/mul_32s_32s_32_2_1_U1/buff0_reg
  -------------------------------------------------------------------
                         required time                          9.489    
                         arrival time                          -5.234    
  -------------------------------------------------------------------
                         slack                                  4.255    

Slack (MET) :             4.255ns  (required time - arrival time)
  Source:                 bd_0_i/hls_inst/inst/mul_32s_32s_32_2_1_U1/tmp_product__0/CLK
                            (rising edge-triggered cell DSP48E1 clocked by ap_clk  {rise@0.000ns fall@5.000ns period=10.000ns})
  Destination:            bd_0_i/hls_inst/inst/mul_32s_32s_32_2_1_U1/buff0_reg/PCIN[11]
                            (rising edge-triggered cell DSP48E1 clocked by ap_clk  {rise@0.000ns fall@5.000ns period=10.000ns})
  Path Group:             ap_clk
  Path Type:              Setup (Max at Slow Process Corner)
  Requirement:            10.000ns  (ap_clk rise@10.000ns - ap_clk rise@0.000ns)
  Data Path Delay:        4.261ns  (logic 4.206ns (98.709%)  route 0.055ns (1.291%))
  Logic Levels:           0  
  Clock Path Skew:        -0.049ns (DCD - SCD + CPR)
    Destination Clock Delay (DCD):    0.924ns = ( 10.924 - 10.000 ) 
    Source Clock Delay      (SCD):    0.973ns
    Clock Pessimism Removal (CPR):    0.000ns
  Clock Uncertainty:      0.035ns  ((TSJ^2 + TIJ^2)^1/2 + DJ) / 2 + PE
    Total System Jitter     (TSJ):    0.071ns
    Total Input Jitter      (TIJ):    0.000ns
    Discrete Jitter          (DJ):    0.000ns
    Phase Error              (PE):    0.000ns

    Location             Delay type                Incr(ns)  Path(ns)    Netlist Resource(s)
  -------------------------------------------------------------------    -------------------
                         (clock ap_clk rise edge)     0.000     0.000 r  
                                                      0.000     0.000 r  ap_clk (IN)
                         net (fo=163, unset)          0.973     0.973    bd_0_i/hls_inst/inst/mul_32s_32s_32_2_1_U1/ap_clk
                         DSP48E1                                      r  bd_0_i/hls_inst/inst/mul_32s_32s_32_2_1_U1/tmp_product__0/CLK
  -------------------------------------------------------------------    -------------------
                         DSP48E1 (Prop_dsp48e1_CLK_PCOUT[11])
                                                      4.206     5.179 r  bd_0_i/hls_inst/inst/mul_32s_32s_32_2_1_U1/tmp_product__0/PCOUT[11]
                         net (fo=1, unplaced)         0.055     5.234    bd_0_i/hls_inst/inst/mul_32s_32s_32_2_1_U1/tmp_product__0_n_142
                         DSP48E1                                      r  bd_0_i/hls_inst/inst/mul_32s_32s_32_2_1_U1/buff0_reg/PCIN[11]
  -------------------------------------------------------------------    -------------------

                         (clock ap_clk rise edge)    10.000    10.000 r  
                                                      0.000    10.000 r  ap_clk (IN)
                         net (fo=163, unset)          0.924    10.924    bd_0_i/hls_inst/inst/mul_32s_32s_32_2_1_U1/ap_clk
                         DSP48E1                                      r  bd_0_i/hls_inst/inst/mul_32s_32s_32_2_1_U1/buff0_reg/CLK
                         clock pessimism              0.000    10.924    
                         clock uncertainty           -0.035    10.889    
                         DSP48E1 (Setup_dsp48e1_CLK_PCIN[11])
                                                     -1.400     9.489    bd_0_i/hls_inst/inst/mul_32s_32s_32_2_1_U1/buff0_reg
  -------------------------------------------------------------------
                         required time                          9.489    
                         arrival time                          -5.234    
  -------------------------------------------------------------------
                         slack                                  4.255    

Slack (MET) :             4.255ns  (required time - arrival time)
  Source:                 bd_0_i/hls_inst/inst/mul_32s_32s_32_2_1_U1/tmp_product__0/CLK
                            (rising edge-triggered cell DSP48E1 clocked by ap_clk  {rise@0.000ns fall@5.000ns period=10.000ns})
  Destination:            bd_0_i/hls_inst/inst/mul_32s_32s_32_2_1_U1/buff0_reg/PCIN[12]
                            (rising edge-triggered cell DSP48E1 clocked by ap_clk  {rise@0.000ns fall@5.000ns period=10.000ns})
  Path Group:             ap_clk
  Path Type:              Setup (Max at Slow Process Corner)
  Requirement:            10.000ns  (ap_clk rise@10.000ns - ap_clk rise@0.000ns)
  Data Path Delay:        4.261ns  (logic 4.206ns (98.709%)  route 0.055ns (1.291%))
  Logic Levels:           0  
  Clock Path Skew:        -0.049ns (DCD - SCD + CPR)
    Destination Clock Delay (DCD):    0.924ns = ( 10.924 - 10.000 ) 
    Source Clock Delay      (SCD):    0.973ns
    Clock Pessimism Removal (CPR):    0.000ns
  Clock Uncertainty:      0.035ns  ((TSJ^2 + TIJ^2)^1/2 + DJ) / 2 + PE
    Total System Jitter     (TSJ):    0.071ns
    Total Input Jitter      (TIJ):    0.000ns
    Discrete Jitter          (DJ):    0.000ns
    Phase Error              (PE):    0.000ns

    Location             Delay type                Incr(ns)  Path(ns)    Netlist Resource(s)
  -------------------------------------------------------------------    -------------------
                         (clock ap_clk rise edge)     0.000     0.000 r  
                                                      0.000     0.000 r  ap_clk (IN)
                         net (fo=163, unset)          0.973     0.973    bd_0_i/hls_inst/inst/mul_32s_32s_32_2_1_U1/ap_clk
                         DSP48E1                                      r  bd_0_i/hls_inst/inst/mul_32s_32s_32_2_1_U1/tmp_product__0/CLK
  -------------------------------------------------------------------    -------------------
                         DSP48E1 (Prop_dsp48e1_CLK_PCOUT[12])
                                                      4.206     5.179 r  bd_0_i/hls_inst/inst/mul_32s_32s_32_2_1_U1/tmp_product__0/PCOUT[12]
                         net (fo=1, unplaced)         0.055     5.234    bd_0_i/hls_inst/inst/mul_32s_32s_32_2_1_U1/tmp_product__0_n_141
                         DSP48E1                                      r  bd_0_i/hls_inst/inst/mul_32s_32s_32_2_1_U1/buff0_reg/PCIN[12]
  -------------------------------------------------------------------    -------------------

                         (clock ap_clk rise edge)    10.000    10.000 r  
                                                      0.000    10.000 r  ap_clk (IN)
                         net (fo=163, unset)          0.924    10.924    bd_0_i/hls_inst/inst/mul_32s_32s_32_2_1_U1/ap_clk
                         DSP48E1                                      r  bd_0_i/hls_inst/inst/mul_32s_32s_32_2_1_U1/buff0_reg/CLK
                         clock pessimism              0.000    10.924    
                         clock uncertainty           -0.035    10.889    
                         DSP48E1 (Setup_dsp48e1_CLK_PCIN[12])
                                                     -1.400     9.489    bd_0_i/hls_inst/inst/mul_32s_32s_32_2_1_U1/buff0_reg
  -------------------------------------------------------------------
                         required time                          9.489    
                         arrival time                          -5.234    
  -------------------------------------------------------------------
                         slack                                  4.255    

Slack (MET) :             4.255ns  (required time - arrival time)
  Source:                 bd_0_i/hls_inst/inst/mul_32s_32s_32_2_1_U1/tmp_product__0/CLK
                            (rising edge-triggered cell DSP48E1 clocked by ap_clk  {rise@0.000ns fall@5.000ns period=10.000ns})
  Destination:            bd_0_i/hls_inst/inst/mul_32s_32s_32_2_1_U1/buff0_reg/PCIN[13]
                            (rising edge-triggered cell DSP48E1 clocked by ap_clk  {rise@0.000ns fall@5.000ns period=10.000ns})
  Path Group:             ap_clk
  Path Type:              Setup (Max at Slow Process Corner)
  Requirement:            10.000ns  (ap_clk rise@10.000ns - ap_clk rise@0.000ns)
  Data Path Delay:        4.261ns  (logic 4.206ns (98.709%)  route 0.055ns (1.291%))
  Logic Levels:           0  
  Clock Path Skew:        -0.049ns (DCD - SCD + CPR)
    Destination Clock Delay (DCD):    0.924ns = ( 10.924 - 10.000 ) 
    Source Clock Delay      (SCD):    0.973ns
    Clock Pessimism Removal (CPR):    0.000ns
  Clock Uncertainty:      0.035ns  ((TSJ^2 + TIJ^2)^1/2 + DJ) / 2 + PE
    Total System Jitter     (TSJ):    0.071ns
    Total Input Jitter      (TIJ):    0.000ns
    Discrete Jitter          (DJ):    0.000ns
    Phase Error              (PE):    0.000ns

    Location             Delay type                Incr(ns)  Path(ns)    Netlist Resource(s)
  -------------------------------------------------------------------    -------------------
                         (clock ap_clk rise edge)     0.000     0.000 r  
                                                      0.000     0.000 r  ap_clk (IN)
                         net (fo=163, unset)          0.973     0.973    bd_0_i/hls_inst/inst/mul_32s_32s_32_2_1_U1/ap_clk
                         DSP48E1                                      r  bd_0_i/hls_inst/inst/mul_32s_32s_32_2_1_U1/tmp_product__0/CLK
  -------------------------------------------------------------------    -------------------
                         DSP48E1 (Prop_dsp48e1_CLK_PCOUT[13])
                                                      4.206     5.179 r  bd_0_i/hls_inst/inst/mul_32s_32s_32_2_1_U1/tmp_product__0/PCOUT[13]
                         net (fo=1, unplaced)         0.055     5.234    bd_0_i/hls_inst/inst/mul_32s_32s_32_2_1_U1/tmp_product__0_n_140
                         DSP48E1                                      r  bd_0_i/hls_inst/inst/mul_32s_32s_32_2_1_U1/buff0_reg/PCIN[13]
  -------------------------------------------------------------------    -------------------

                         (clock ap_clk rise edge)    10.000    10.000 r  
                                                      0.000    10.000 r  ap_clk (IN)
                         net (fo=163, unset)          0.924    10.924    bd_0_i/hls_inst/inst/mul_32s_32s_32_2_1_U1/ap_clk
                         DSP48E1                                      r  bd_0_i/hls_inst/inst/mul_32s_32s_32_2_1_U1/buff0_reg/CLK
                         clock pessimism              0.000    10.924    
                         clock uncertainty           -0.035    10.889    
                         DSP48E1 (Setup_dsp48e1_CLK_PCIN[13])
                                                     -1.400     9.489    bd_0_i/hls_inst/inst/mul_32s_32s_32_2_1_U1/buff0_reg
  -------------------------------------------------------------------
                         required time                          9.489    
                         arrival time                          -5.234    
  -------------------------------------------------------------------
                         slack                                  4.255    

Slack (MET) :             4.255ns  (required time - arrival time)
  Source:                 bd_0_i/hls_inst/inst/mul_32s_32s_32_2_1_U1/tmp_product__0/CLK
                            (rising edge-triggered cell DSP48E1 clocked by ap_clk  {rise@0.000ns fall@5.000ns period=10.000ns})
  Destination:            bd_0_i/hls_inst/inst/mul_32s_32s_32_2_1_U1/buff0_reg/PCIN[14]
                            (rising edge-triggered cell DSP48E1 clocked by ap_clk  {rise@0.000ns fall@5.000ns period=10.000ns})
  Path Group:             ap_clk
  Path Type:              Setup (Max at Slow Process Corner)
  Requirement:            10.000ns  (ap_clk rise@10.000ns - ap_clk rise@0.000ns)
  Data Path Delay:        4.261ns  (logic 4.206ns (98.709%)  route 0.055ns (1.291%))
  Logic Levels:           0  
  Clock Path Skew:        -0.049ns (DCD - SCD + CPR)
    Destination Clock Delay (DCD):    0.924ns = ( 10.924 - 10.000 ) 
    Source Clock Delay      (SCD):    0.973ns
    Clock Pessimism Removal (CPR):    0.000ns
  Clock Uncertainty:      0.035ns  ((TSJ^2 + TIJ^2)^1/2 + DJ) / 2 + PE
    Total System Jitter     (TSJ):    0.071ns
    Total Input Jitter      (TIJ):    0.000ns
    Discrete Jitter          (DJ):    0.000ns
    Phase Error              (PE):    0.000ns

    Location             Delay type                Incr(ns)  Path(ns)    Netlist Resource(s)
  -------------------------------------------------------------------    -------------------
                         (clock ap_clk rise edge)     0.000     0.000 r  
                                                      0.000     0.000 r  ap_clk (IN)
                         net (fo=163, unset)          0.973     0.973    bd_0_i/hls_inst/inst/mul_32s_32s_32_2_1_U1/ap_clk
                         DSP48E1                                      r  bd_0_i/hls_inst/inst/mul_32s_32s_32_2_1_U1/tmp_product__0/CLK
  -------------------------------------------------------------------    -------------------
                         DSP48E1 (Prop_dsp48e1_CLK_PCOUT[14])
                                                      4.206     5.179 r  bd_0_i/hls_inst/inst/mul_32s_32s_32_2_1_U1/tmp_product__0/PCOUT[14]
                         net (fo=1, unplaced)         0.055     5.234    bd_0_i/hls_inst/inst/mul_32s_32s_32_2_1_U1/tmp_product__0_n_139
                         DSP48E1                                      r  bd_0_i/hls_inst/inst/mul_32s_32s_32_2_1_U1/buff0_reg/PCIN[14]
  -------------------------------------------------------------------    -------------------

                         (clock ap_clk rise edge)    10.000    10.000 r  
                                                      0.000    10.000 r  ap_clk (IN)
                         net (fo=163, unset)          0.924    10.924    bd_0_i/hls_inst/inst/mul_32s_32s_32_2_1_U1/ap_clk
                         DSP48E1                                      r  bd_0_i/hls_inst/inst/mul_32s_32s_32_2_1_U1/buff0_reg/CLK
                         clock pessimism              0.000    10.924    
                         clock uncertainty           -0.035    10.889    
                         DSP48E1 (Setup_dsp48e1_CLK_PCIN[14])
                                                     -1.400     9.489    bd_0_i/hls_inst/inst/mul_32s_32s_32_2_1_U1/buff0_reg
  -------------------------------------------------------------------
                         required time                          9.489    
                         arrival time                          -5.234    
  -------------------------------------------------------------------
                         slack                                  4.255    

Slack (MET) :             4.255ns  (required time - arrival time)
  Source:                 bd_0_i/hls_inst/inst/mul_32s_32s_32_2_1_U1/tmp_product__0/CLK
                            (rising edge-triggered cell DSP48E1 clocked by ap_clk  {rise@0.000ns fall@5.000ns period=10.000ns})
  Destination:            bd_0_i/hls_inst/inst/mul_32s_32s_32_2_1_U1/buff0_reg/PCIN[15]
                            (rising edge-triggered cell DSP48E1 clocked by ap_clk  {rise@0.000ns fall@5.000ns period=10.000ns})
  Path Group:             ap_clk
  Path Type:              Setup (Max at Slow Process Corner)
  Requirement:            10.000ns  (ap_clk rise@10.000ns - ap_clk rise@0.000ns)
  Data Path Delay:        4.261ns  (logic 4.206ns (98.709%)  route 0.055ns (1.291%))
  Logic Levels:           0  
  Clock Path Skew:        -0.049ns (DCD - SCD + CPR)
    Destination Clock Delay (DCD):    0.924ns = ( 10.924 - 10.000 ) 
    Source Clock Delay      (SCD):    0.973ns
    Clock Pessimism Removal (CPR):    0.000ns
  Clock Uncertainty:      0.035ns  ((TSJ^2 + TIJ^2)^1/2 + DJ) / 2 + PE
    Total System Jitter     (TSJ):    0.071ns
    Total Input Jitter      (TIJ):    0.000ns
    Discrete Jitter          (DJ):    0.000ns
    Phase Error              (PE):    0.000ns

    Location             Delay type                Incr(ns)  Path(ns)    Netlist Resource(s)
  -------------------------------------------------------------------    -------------------
                         (clock ap_clk rise edge)     0.000     0.000 r  
                                                      0.000     0.000 r  ap_clk (IN)
                         net (fo=163, unset)          0.973     0.973    bd_0_i/hls_inst/inst/mul_32s_32s_32_2_1_U1/ap_clk
                         DSP48E1                                      r  bd_0_i/hls_inst/inst/mul_32s_32s_32_2_1_U1/tmp_product__0/CLK
  -------------------------------------------------------------------    -------------------
                         DSP48E1 (Prop_dsp48e1_CLK_PCOUT[15])
                                                      4.206     5.179 r  bd_0_i/hls_inst/inst/mul_32s_32s_32_2_1_U1/tmp_product__0/PCOUT[15]
                         net (fo=1, unplaced)         0.055     5.234    bd_0_i/hls_inst/inst/mul_32s_32s_32_2_1_U1/tmp_product__0_n_138
                         DSP48E1                                      r  bd_0_i/hls_inst/inst/mul_32s_32s_32_2_1_U1/buff0_reg/PCIN[15]
  -------------------------------------------------------------------    -------------------

                         (clock ap_clk rise edge)    10.000    10.000 r  
                                                      0.000    10.000 r  ap_clk (IN)
                         net (fo=163, unset)          0.924    10.924    bd_0_i/hls_inst/inst/mul_32s_32s_32_2_1_U1/ap_clk
                         DSP48E1                                      r  bd_0_i/hls_inst/inst/mul_32s_32s_32_2_1_U1/buff0_reg/CLK
                         clock pessimism              0.000    10.924    
                         clock uncertainty           -0.035    10.889    
                         DSP48E1 (Setup_dsp48e1_CLK_PCIN[15])
                                                     -1.400     9.489    bd_0_i/hls_inst/inst/mul_32s_32s_32_2_1_U1/buff0_reg
  -------------------------------------------------------------------
                         required time                          9.489    
                         arrival time                          -5.234    
  -------------------------------------------------------------------
                         slack                                  4.255    

Slack (MET) :             4.255ns  (required time - arrival time)
  Source:                 bd_0_i/hls_inst/inst/mul_32s_32s_32_2_1_U1/tmp_product__0/CLK
                            (rising edge-triggered cell DSP48E1 clocked by ap_clk  {rise@0.000ns fall@5.000ns period=10.000ns})
  Destination:            bd_0_i/hls_inst/inst/mul_32s_32s_32_2_1_U1/buff0_reg/PCIN[16]
                            (rising edge-triggered cell DSP48E1 clocked by ap_clk  {rise@0.000ns fall@5.000ns period=10.000ns})
  Path Group:             ap_clk
  Path Type:              Setup (Max at Slow Process Corner)
  Requirement:            10.000ns  (ap_clk rise@10.000ns - ap_clk rise@0.000ns)
  Data Path Delay:        4.261ns  (logic 4.206ns (98.709%)  route 0.055ns (1.291%))
  Logic Levels:           0  
  Clock Path Skew:        -0.049ns (DCD - SCD + CPR)
    Destination Clock Delay (DCD):    0.924ns = ( 10.924 - 10.000 ) 
    Source Clock Delay      (SCD):    0.973ns
    Clock Pessimism Removal (CPR):    0.000ns
  Clock Uncertainty:      0.035ns  ((TSJ^2 + TIJ^2)^1/2 + DJ) / 2 + PE
    Total System Jitter     (TSJ):    0.071ns
    Total Input Jitter      (TIJ):    0.000ns
    Discrete Jitter          (DJ):    0.000ns
    Phase Error              (PE):    0.000ns

    Location             Delay type                Incr(ns)  Path(ns)    Netlist Resource(s)
  -------------------------------------------------------------------    -------------------
                         (clock ap_clk rise edge)     0.000     0.000 r  
                                                      0.000     0.000 r  ap_clk (IN)
                         net (fo=163, unset)          0.973     0.973    bd_0_i/hls_inst/inst/mul_32s_32s_32_2_1_U1/ap_clk
                         DSP48E1                                      r  bd_0_i/hls_inst/inst/mul_32s_32s_32_2_1_U1/tmp_product__0/CLK
  -------------------------------------------------------------------    -------------------
                         DSP48E1 (Prop_dsp48e1_CLK_PCOUT[16])
                                                      4.206     5.179 r  bd_0_i/hls_inst/inst/mul_32s_32s_32_2_1_U1/tmp_product__0/PCOUT[16]
                         net (fo=1, unplaced)         0.055     5.234    bd_0_i/hls_inst/inst/mul_32s_32s_32_2_1_U1/tmp_product__0_n_137
                         DSP48E1                                      r  bd_0_i/hls_inst/inst/mul_32s_32s_32_2_1_U1/buff0_reg/PCIN[16]
  -------------------------------------------------------------------    -------------------

                         (clock ap_clk rise edge)    10.000    10.000 r  
                                                      0.000    10.000 r  ap_clk (IN)
                         net (fo=163, unset)          0.924    10.924    bd_0_i/hls_inst/inst/mul_32s_32s_32_2_1_U1/ap_clk
                         DSP48E1                                      r  bd_0_i/hls_inst/inst/mul_32s_32s_32_2_1_U1/buff0_reg/CLK
                         clock pessimism              0.000    10.924    
                         clock uncertainty           -0.035    10.889    
                         DSP48E1 (Setup_dsp48e1_CLK_PCIN[16])
                                                     -1.400     9.489    bd_0_i/hls_inst/inst/mul_32s_32s_32_2_1_U1/buff0_reg
  -------------------------------------------------------------------
                         required time                          9.489    
                         arrival time                          -5.234    
  -------------------------------------------------------------------
                         slack                                  4.255    

Slack (MET) :             4.255ns  (required time - arrival time)
  Source:                 bd_0_i/hls_inst/inst/mul_32s_32s_32_2_1_U1/tmp_product__0/CLK
                            (rising edge-triggered cell DSP48E1 clocked by ap_clk  {rise@0.000ns fall@5.000ns period=10.000ns})
  Destination:            bd_0_i/hls_inst/inst/mul_32s_32s_32_2_1_U1/buff0_reg/PCIN[17]
                            (rising edge-triggered cell DSP48E1 clocked by ap_clk  {rise@0.000ns fall@5.000ns period=10.000ns})
  Path Group:             ap_clk
  Path Type:              Setup (Max at Slow Process Corner)
  Requirement:            10.000ns  (ap_clk rise@10.000ns - ap_clk rise@0.000ns)
  Data Path Delay:        4.261ns  (logic 4.206ns (98.709%)  route 0.055ns (1.291%))
  Logic Levels:           0  
  Clock Path Skew:        -0.049ns (DCD - SCD + CPR)
    Destination Clock Delay (DCD):    0.924ns = ( 10.924 - 10.000 ) 
    Source Clock Delay      (SCD):    0.973ns
    Clock Pessimism Removal (CPR):    0.000ns
  Clock Uncertainty:      0.035ns  ((TSJ^2 + TIJ^2)^1/2 + DJ) / 2 + PE
    Total System Jitter     (TSJ):    0.071ns
    Total Input Jitter      (TIJ):    0.000ns
    Discrete Jitter          (DJ):    0.000ns
    Phase Error              (PE):    0.000ns

    Location             Delay type                Incr(ns)  Path(ns)    Netlist Resource(s)
  -------------------------------------------------------------------    -------------------
                         (clock ap_clk rise edge)     0.000     0.000 r  
                                                      0.000     0.000 r  ap_clk (IN)
                         net (fo=163, unset)          0.973     0.973    bd_0_i/hls_inst/inst/mul_32s_32s_32_2_1_U1/ap_clk
                         DSP48E1                                      r  bd_0_i/hls_inst/inst/mul_32s_32s_32_2_1_U1/tmp_product__0/CLK
  -------------------------------------------------------------------    -------------------
                         DSP48E1 (Prop_dsp48e1_CLK_PCOUT[17])
                                                      4.206     5.179 r  bd_0_i/hls_inst/inst/mul_32s_32s_32_2_1_U1/tmp_product__0/PCOUT[17]
                         net (fo=1, unplaced)         0.055     5.234    bd_0_i/hls_inst/inst/mul_32s_32s_32_2_1_U1/tmp_product__0_n_136
                         DSP48E1                                      r  bd_0_i/hls_inst/inst/mul_32s_32s_32_2_1_U1/buff0_reg/PCIN[17]
  -------------------------------------------------------------------    -------------------

                         (clock ap_clk rise edge)    10.000    10.000 r  
                                                      0.000    10.000 r  ap_clk (IN)
                         net (fo=163, unset)          0.924    10.924    bd_0_i/hls_inst/inst/mul_32s_32s_32_2_1_U1/ap_clk
                         DSP48E1                                      r  bd_0_i/hls_inst/inst/mul_32s_32s_32_2_1_U1/buff0_reg/CLK
                         clock pessimism              0.000    10.924    
                         clock uncertainty           -0.035    10.889    
                         DSP48E1 (Setup_dsp48e1_CLK_PCIN[17])
                                                     -1.400     9.489    bd_0_i/hls_inst/inst/mul_32s_32s_32_2_1_U1/buff0_reg
  -------------------------------------------------------------------
                         required time                          9.489    
                         arrival time                          -5.234    
  -------------------------------------------------------------------
                         slack                                  4.255    

Slack (MET) :             4.255ns  (required time - arrival time)
  Source:                 bd_0_i/hls_inst/inst/mul_32s_32s_32_2_1_U1/tmp_product__0/CLK
                            (rising edge-triggered cell DSP48E1 clocked by ap_clk  {rise@0.000ns fall@5.000ns period=10.000ns})
  Destination:            bd_0_i/hls_inst/inst/mul_32s_32s_32_2_1_U1/buff0_reg/PCIN[18]
                            (rising edge-triggered cell DSP48E1 clocked by ap_clk  {rise@0.000ns fall@5.000ns period=10.000ns})
  Path Group:             ap_clk
  Path Type:              Setup (Max at Slow Process Corner)
  Requirement:            10.000ns  (ap_clk rise@10.000ns - ap_clk rise@0.000ns)
  Data Path Delay:        4.261ns  (logic 4.206ns (98.709%)  route 0.055ns (1.291%))
  Logic Levels:           0  
  Clock Path Skew:        -0.049ns (DCD - SCD + CPR)
    Destination Clock Delay (DCD):    0.924ns = ( 10.924 - 10.000 ) 
    Source Clock Delay      (SCD):    0.973ns
    Clock Pessimism Removal (CPR):    0.000ns
  Clock Uncertainty:      0.035ns  ((TSJ^2 + TIJ^2)^1/2 + DJ) / 2 + PE
    Total System Jitter     (TSJ):    0.071ns
    Total Input Jitter      (TIJ):    0.000ns
    Discrete Jitter          (DJ):    0.000ns
    Phase Error              (PE):    0.000ns

    Location             Delay type                Incr(ns)  Path(ns)    Netlist Resource(s)
  -------------------------------------------------------------------    -------------------
                         (clock ap_clk rise edge)     0.000     0.000 r  
                                                      0.000     0.000 r  ap_clk (IN)
                         net (fo=163, unset)          0.973     0.973    bd_0_i/hls_inst/inst/mul_32s_32s_32_2_1_U1/ap_clk
                         DSP48E1                                      r  bd_0_i/hls_inst/inst/mul_32s_32s_32_2_1_U1/tmp_product__0/CLK
  -------------------------------------------------------------------    -------------------
                         DSP48E1 (Prop_dsp48e1_CLK_PCOUT[18])
                                                      4.206     5.179 r  bd_0_i/hls_inst/inst/mul_32s_32s_32_2_1_U1/tmp_product__0/PCOUT[18]
                         net (fo=1, unplaced)         0.055     5.234    bd_0_i/hls_inst/inst/mul_32s_32s_32_2_1_U1/tmp_product__0_n_135
                         DSP48E1                                      r  bd_0_i/hls_inst/inst/mul_32s_32s_32_2_1_U1/buff0_reg/PCIN[18]
  -------------------------------------------------------------------    -------------------

                         (clock ap_clk rise edge)    10.000    10.000 r  
                                                      0.000    10.000 r  ap_clk (IN)
                         net (fo=163, unset)          0.924    10.924    bd_0_i/hls_inst/inst/mul_32s_32s_32_2_1_U1/ap_clk
                         DSP48E1                                      r  bd_0_i/hls_inst/inst/mul_32s_32s_32_2_1_U1/buff0_reg/CLK
                         clock pessimism              0.000    10.924    
                         clock uncertainty           -0.035    10.889    
                         DSP48E1 (Setup_dsp48e1_CLK_PCIN[18])
                                                     -1.400     9.489    bd_0_i/hls_inst/inst/mul_32s_32s_32_2_1_U1/buff0_reg
  -------------------------------------------------------------------
                         required time                          9.489    
                         arrival time                          -5.234    
  -------------------------------------------------------------------
                         slack                                  4.255    




