================================================================
== Design Size Report
================================================================

* Total Instructions per Compilation Phase
+---------------+-----------------------------+--------------+----------------------------------------------------------------------------------------+
| Phase         | Step                        | Instructions | Description                                                                            |
+---------------+-----------------------------+--------------+----------------------------------------------------------------------------------------+
| Compile/Link  |                             |  54          | After all functions are compiled and linked into a single design                       |
|               |                             |              |                                                                                        |
| Unroll/Inline |                             |              | After user unroll and inline pragmas are applied                                       |
|               | (1) unroll                  | 167          | user unroll pragmas are applied                                                        |
|               | (2) simplification          | 162          | simplification of applied user unroll pragmas                                          |
|               | (3) inline                  | 160          | user inline pragmas are applied                                                        |
|               | (4) simplification          | 160          | simplification of applied user inline pragmas                                          |
|               |                             |              |                                                                                        |
| Array/Struct  |                             |              | After user array partition and struct aggregate/disaggregate pragmas are applied       |
|               | (1) array partition         | 687          | user array partition pragmas are applied                                               |
|               | (2) simplification          | 191          | simplification of applied user array partition & struct aggregate/disaggregate pragmas |
|               | (3) aggregate/disaggregate  | 191          | user struct aggregate/disaggregate pragmas are applied                                 |
|               | (4) array reshape           | 191          | apply array reshape pragmas                                                            |
|               | (5) access patterns         | 191          | array access pattern optmizations                                                      |
|               |                             |              |                                                                                        |
| Performance   |                             |              | After transformations are applied to meet performance pragma targets                   |
|               | (1) loop simplification     | 191          | loop and instruction simplification                                                    |
|               | (2) parallelization         | 191          | loops are unrolled or pipelined to meet performance targets                            |
|               | (3) array partition         | 191          | arrays are partitioned to meet performance targets                                     |
|               | (4) simplification          | 191          | simplification of design after performance transformations                             |
|               |                             |              |                                                                                        |
| HW Transforms |                             |              | After hardware transfomations                                                          |
|               | (1) lowering                | 289          | initial conversion to HW specific instructions                                         |
|               | (2) optimizations           | 297          | high level synthesis optimizations                                                     |
+---------------+-----------------------------+--------------+----------------------------------------------------------------------------------------+

* Instructions per Function for each Compilation Phase
+------------------+-----------------------+--------------+---------------+--------------+-------------+---------------+
| Function         | Location              | Compile/Link | Unroll/Inline | Array/Struct | Performance | HW Transforms |
+------------------+-----------------------+--------------+---------------+--------------+-------------+---------------+
|   matrix_mult_hw | matrix_mult_ip.cpp:13 | 54           | 160           | 191          | 191         | 297           |
+------------------+-----------------------+--------------+---------------+--------------+-------------+---------------+

* Design Size Message Settings
+---------------------------------------------+--------+------------------------------------------------------------------+
| Message Setting                             | Value  | Description                                                      |
+---------------------------------------------+--------+------------------------------------------------------------------+
| config_compile -design_size_maximum_warning | 100000 | Show a warning when total design instructions exceeds this value |
+---------------------------------------------+--------+------------------------------------------------------------------+


