================================================================
== Design Size Report
================================================================

* Total Instructions per Compilation Phase
+---------------+-----------------------------+--------------+----------------------------------------------------------------------------------------+
| Phase         | Step                        | Instructions | Description                                                                            |
+---------------+-----------------------------+--------------+----------------------------------------------------------------------------------------+
| Compile/Link  |                             | 21           | After all functions are compiled and linked into a single design                       |
|               |                             |              |                                                                                        |
| Unroll/Inline |                             |              | After user unroll and inline pragmas are applied                                       |
|               | (1) unroll                  | 26           | user unroll pragmas are applied                                                        |
|               | (2) simplification          | 20           | simplification of applied user unroll pragmas                                          |
|               | (3) inline                  | 21           | user inline pragmas are applied                                                        |
|               | (4) simplification          | 21           | simplification of applied user inline pragmas                                          |
|               |                             |              |                                                                                        |
| Array/Struct  |                             |              | After user array partition and struct aggregate/disaggregate pragmas are applied       |
|               | (1) array partition         | 20           | user array partition pragmas are applied                                               |
|               | (2) simplification          | 20           | simplification of applied user array partition & struct aggregate/disaggregate pragmas |
|               | (3) aggregate/disaggregate  | 20           | user struct aggregate/disaggregate pragmas are applied                                 |
|               | (4) array reshape           | 20           | apply array reshape pragmas                                                            |
|               | (5) access patterns         | 23           | array access pattern optmizations                                                      |
|               |                             |              |                                                                                        |
| Performance   |                             |              | After transformations are applied to meet performance pragma targets                   |
|               | (1) loop simplification     | 23           | loop and instruction simplification                                                    |
|               | (2) parallelization         | 22           | loops are unrolled or pipelined to meet performance targets                            |
|               | (3) array partition         | 22           | arrays are partitioned to meet performance targets                                     |
|               | (4) simplification          | 22           | simplification of design after performance transformations                             |
|               |                             |              |                                                                                        |
| HW Transforms |                             |              | After hardware transfomations                                                          |
|               | (1) lowering                | 30           | initial conversion to HW specific instructions                                         |
|               | (2) optimizations           | 32           | high level synthesis optimizations                                                     |
+---------------+-----------------------------+--------------+----------------------------------------------------------------------------------------+

* Instructions per Function for each Compilation Phase
+----------------+--------------------+--------------+---------------+--------------+-------------+---------------+
| Function       | Location           | Compile/Link | Unroll/Inline | Array/Struct | Performance | HW Transforms |
+----------------+--------------------+--------------+---------------+--------------+-------------+---------------+
|   array_summer | array_summer.cpp:4 | 21           | 21            | 23           | 22          | 32            |
+----------------+--------------------+--------------+---------------+--------------+-------------+---------------+

* Design Size Message Settings
+---------------------------------------------+--------+------------------------------------------------------------------+
| Message Setting                             | Value  | Description                                                      |
+---------------------------------------------+--------+------------------------------------------------------------------+
| config_compile -design_size_maximum_warning | 100000 | Show a warning when total design instructions exceeds this value |
+---------------------------------------------+--------+------------------------------------------------------------------+


