Copyright 1986-2022 Xilinx, Inc. All Rights Reserved. Copyright 2022-2025 Advanced Micro Devices, Inc. All Rights Reserved.
---------------------------------------------------------------------------------------------------------------------------------------------
| Tool Version : Vivado v.2025.1 (win64) Build 6140274 Thu May 22 00:12:29 MDT 2025
| Date         : Wed Jul 16 11:27:34 2025
| Host         : DESKTOP-8L9PMU5 running 64-bit major release  (build 9200)
| Command      : report_design_analysis -file ./report/array_summer_design_analysis_synth.rpt
| Design       : bd_0_wrapper
| Device       : xc7s50
| Design State : Synthesized
---------------------------------------------------------------------------------------------------------------------------------------------

Report Design Analysis

Table of Contents
-----------------
1. Setup Path Characteristics 1-1
2. Logic Level Distribution
3. Placer Final Level Congestion Reporting
4. SLR Net Crossing Reporting

1. Setup Path Characteristics 1-1
---------------------------------

+---------------------------+-----------------------------------------------------------------------------+
|      Characteristics      |                                   Path #1                                   |
+---------------------------+-----------------------------------------------------------------------------+
| Requirement               | 10.000                                                                      |
| Path Delay                | 5.081                                                                       |
| Logic Delay               | 1.934(39%)                                                                  |
| Net Delay                 | 3.147(61%)                                                                  |
| Clock Skew                | -0.049                                                                      |
| Slack                     | 4.311                                                                       |
| Clock Uncertainty         | 0.035                                                                       |
| Clock Pair Classification | Timed                                                                       |
| Clock Delay Group         | Same Clock                                                                  |
| Logic Levels              | 7                                                                           |
| Routes                    | NA                                                                          |
| Logical Path              | FDRE/C-(43)-LUT3-(30)-LUT5-(1)-CARRY4-CARRY4-CARRY4-CARRY4-LUT5-(31)-FDRE/R |
| Start Point Clock         | ap_clk                                                                      |
| End Point Clock           | ap_clk                                                                      |
| DSP Block                 | None                                                                        |
| RAM Registers             | None-None                                                                   |
| IO Crossings              | 0                                                                           |
| Config Crossings          | 0                                                                           |
| SLR Crossings             | 0                                                                           |
| PBlocks                   | 0                                                                           |
| High Fanout               | 43                                                                          |
| ASYNC REG                 | 0                                                                           |
| Dont Touch                | 0                                                                           |
| Mark Debug                | 0                                                                           |
| Start Point Pin Primitive | FDRE/C                                                                      |
| End Point Pin Primitive   | FDRE/R                                                                      |
| Start Point Pin           | rewind_ap_ready_reg_reg/C                                                   |
| End Point Pin             | i_fu_82_reg[10]/R                                                           |
+---------------------------+-----------------------------------------------------------------------------+
* Bounding box calculated as % of dimensions for the target device (188, 300)


2. Logic Level Distribution
---------------------------

+-----------------+-------------+----+-----+----+-----+-----+----+----+----+----+----+----+----+----+----+----+----+----+----+
| End Point Clock | Requirement |  0 |  1  |  2 |  3  |  4  |  5 |  6 |  7 |  8 |  9 | 10 | 11 | 12 | 13 | 14 | 15 | 16 | 17 |
+-----------------+-------------+----+-----+----+-----+-----+----+----+----+----+----+----+----+----+----+----+----+----+----+
| ap_clk          | 10.000ns    | 32 | 320 | 52 | 159 | 219 | 18 | 48 | 79 | 17 | 14 |  5 |  5 |  7 |  7 |  7 |  4 |  4 |  3 |
+-----------------+-------------+----+-----+----+-----+-----+----+----+----+----+----+----+----+----+----+----+----+----+----+
* Columns represent the logic levels per end point clock
** Distribution is for top worst 1000 paths


3. Placer Final Level Congestion Reporting
------------------------------------------

+-----------+------+-------+------------+--------+---------------+----------------+-----+--------+------+------+------+-----+-------+-----+------------+
| Direction | Type | Level | Congestion | Window | Combined LUTs | Avg LUT Inputs | LUT | LUTRAM | Flop | MUXF | RAMB | DSP | CARRY | SRL | Cell Names |
+-----------+------+-------+------------+--------+---------------+----------------+-----+--------+------+------+------+-----+-------+-----+------------+
* The design has not been placed, hence congestion data is not available. The command report_design_analysis -congestion should be run only after place_design has completed.


4. SLR Net Crossing Reporting
-----------------------------

+------------+-----------------------------+
| Cell Names | Number of Nets crossing SLR |
+------------+-----------------------------+
* The current part is not an SSI device


