================================================================
== Design Size Report
================================================================

* C-Synthesis has not completed!

* Total Instructions per Compilation Phase
+---------------+-----------------------------+--------------+----------------------------------------------------------------------------------------+
| Phase         | Step                        | Instructions | Description                                                                            |
+---------------+-----------------------------+--------------+----------------------------------------------------------------------------------------+
| Compile/Link  |                             |     26       | After all functions are compiled and linked into a single design                       |
|               |                             |              |                                                                                        |
| Unroll/Inline |                             |              | After user unroll and inline pragmas are applied                                       |
|               | (1) unroll                  |     22       | user unroll pragmas are applied                                                        |
|               | (2) simplification          |     18       | simplification of applied user unroll pragmas                                          |
|               | (3) inline                  |     17       | user inline pragmas are applied                                                        |
|               | (4) simplification          |     17       | simplification of applied user inline pragmas                                          |
|               |                             |              |                                                                                        |
| Array/Struct  |                             |              | After user array partition and struct aggregate/disaggregate pragmas are applied       |
|               | (1) array partition         | 40,014       | user array partition pragmas are applied                                               |
|               | (2) simplification          | 40,014       | simplification of applied user array partition & struct aggregate/disaggregate pragmas |
|               | (3) aggregate/disaggregate  | 40,014       | user struct aggregate/disaggregate pragmas are applied                                 |
|               | (4) array reshape           | 40,014       | apply array reshape pragmas                                                            |
|               | (5) access patterns         | 40,014       | array access pattern optmizations                                                      |
|               |                             |              |                                                                                        |
| Performance   |                             |              | After transformations are applied to meet performance pragma targets                   |
|               | (1) loop simplification     | 40,014       | loop and instruction simplification                                                    |
|               | (2) parallelization         | 40,014       | loops are unrolled or pipelined to meet performance targets                            |
|               | (3) array partition         | 40,014       | arrays are partitioned to meet performance targets                                     |
|               | (4) simplification          | 40,014       | simplification of design after performance transformations                             |
|               |                             |              |                                                                                        |
| HW Transforms |                             | pending      | After hardware transfomations                                                          |
+---------------+-----------------------------+--------------+----------------------------------------------------------------------------------------+

* Instructions per Function for each Compilation Phase
+-----------------+--------------------+--------------+---------------+--------------+-------------+
| Function        | Location           | Compile/Link | Unroll/Inline | Array/Struct | Performance |
+-----------------+--------------------+--------------+---------------+--------------+-------------+
|   generic_10000 | generic_mult.cpp:8 | 26           | 17            | 40,014       | 40,014      |
+-----------------+--------------------+--------------+---------------+--------------+-------------+

* Design Size Message Settings
+---------------------------------------------+--------+------------------------------------------------------------------+
| Message Setting                             | Value  | Description                                                      |
+---------------------------------------------+--------+------------------------------------------------------------------+
| config_compile -design_size_maximum_warning | 100000 | Show a warning when total design instructions exceeds this value |
+---------------------------------------------+--------+------------------------------------------------------------------+


