

Implementation tool: Xilinx Vivado v.2025.1
Project:             soma_arrays_100
Solution:            hls
Device target:       xc7s50-csga324-1
Report date:         Fri Jul 18 16:58:10 -0300 2025

#=== Post-Implementation Resource usage ===
SLICE:           57
LUT:            147
FF:             138
DSP:              3
BRAM:             5
URAM:             0
LATCH:            0
SRL:              5
CLB:              0

#=== Final timing ===
CP required:                     10.000
CP achieved post-synthesis:      5.745
CP achieved post-implementation: 5.692
Timing met
