================================================================
== Vivado Place & Route Results
================================================================
+ General Information:
    * Date:            Wed Jul 16 11:28:51 -0300 2025
    * Version:         2025.1 (Build 6135595 on May 21 2025)
    * Project:         soma_arrays_in_memory
    * Solution:        hls (Vivado IP Flow Target)
    * Product family:  spartan7
    * Target device:   xc7s50-csga324-1


================================================================
== Run Constraints & Options
================================================================
+ Design Constraints & Options:
    * Place & Route target clock:  10 ns
    * C-Synthesis uncertainty:     27%

+ RTL Synthesis Options:
    * config_export -vivado_synth_strategy:     default
    * config_export -vivado_synth_design_args:  -directive sdx_optimization_effort_high

+ Place & Route Options:
    * config_export -vivado_impl_strategy:  default
    * config_export -vivado_phys_opt:       auto

+ Reporting Options:
    * config_export -vivado_report_level:      2
    * config_export -vivado_max_timing_paths:  10


================================================================
== Place & Route Resource Summary
================================================================
LUT:              844
FF:               1254
DSP:              0
BRAM:             1
URAM:             0
SRL:              51


================================================================
== Place & Route Timing Summary
================================================================
* Timing was met
+----------------+-------------+
| Timing         | Period (ns) |
+----------------+-------------+
| Target         | 10.000      |
| Post-Synthesis | 5.689       |
| Post-Route     | 5.703       |
+----------------+-------------+


================================================================
== Place & Route Resources
================================================================
+----------------------------------+-----+------+-----+------+------+-----+--------+------+---------+----------+--------+
| Name                             | LUT | FF   | DSP | BRAM | URAM | SRL | Pragma | Impl | Latency | Variable | Source |
+----------------------------------+-----+------+-----+------+------+-----+--------+------+---------+----------+--------+
| inst                             | 844 | 1254 |     | 1    |      |     |        |      |         |          |        |
|   (inst)                         | 36  | 206  |     |      |      |     |        |      |         |          |        |
|   control_s_axi_U                | 219 | 182  |     |      |      |     |        |      |         |          |        |
|   flow_control_loop_delay_pipe_U |     |      |     |      |      |     |        |      |         |          |        |
|   gmem0_m_axi_U                  | 554 | 864  |     | 1    |      |     |        |      |         |          |        |
+----------------------------------+-----+------+-----+------+------+-----+--------+------+---------+----------+--------+


================================================================
== Place & Route Fail Fast
================================================================
+-----------------------------------------------------------+-----------+--------+--------+
| Criteria                                                  | Guideline | Actual | Status |
+-----------------------------------------------------------+-----------+--------+--------+
| LUT                                                       | 70%       | 2.59%  | OK     |
| FD                                                        | 50%       | 1.92%  | OK     |
| LUTRAM+SRL                                                | 25%       | 0.53%  | OK     |
| MUXF7                                                     | 15%       | 0.00%  | OK     |
| DSP                                                       | 80%       | 0.00%  | OK     |
| RAMB/FIFO                                                 | 80%       | 0.67%  | OK     |
| DSP+RAMB+URAM (Avg)                                       | 70%       | 0.67%  | OK     |
| BUFGCE* + BUFGCTRL                                        | 24        | 0      | OK     |
| DONT_TOUCH (cells/nets)                                   | 0         | 0      | OK     |
| MARK_DEBUG (nets)                                         | 0         | 0      | OK     |
| Control Sets                                              | 611       | 40     | OK     |
| Average Fanout for modules > 100k cells                   | 4         | 2.73   | OK     |
| Max Average Fanout for modules > 100k cells               | 4         | 0      | OK     |
| Non-FD high fanout nets > 10k loads                       | 0         | 0      | OK     |
+-----------------------------------------------------------+-----------+--------+--------+
| TIMING-6 (No common primary clock between related clocks) | 0         | 0      | OK     |
| TIMING-7 (No common node between related clocks)          | 0         | 0      | OK     |
| TIMING-8 (No common period between related clocks)        | 0         | 0      | OK     |
| TIMING-14 (LUT on the clock tree)                         | 0         | 0      | OK     |
| TIMING-35 (No common node in paths with the same clock)   | 0         | 0      | OK     |
+-----------------------------------------------------------+-----------+--------+--------+
| Number of paths above max LUT budgeting (0.575ns)         | 0         | 0      | OK     |
| Number of paths above max Net budgeting (0.403ns)         | 0         | 0      | OK     |
+-----------------------------------------------------------+-----------+--------+--------+


================================================================
== Place & Route Timing Paths
================================================================
* Timing was met
+-------+-------+------------------------------------------------------------------------------+-----------------------------------------------------------------------------+--------------+------------+----------------+----------------+--------------+
| Path  | SLACK | STARTPOINT PIN                                                               | ENDPOINT PIN                                                                | LOGIC LEVELS | MAX FANOUT | DATAPATH DELAY | DATAPATH LOGIC | DATAPATH NET |
|       |       |                                                                              |                                                                             |              |            |                |          DELAY |        DELAY |
+-------+-------+------------------------------------------------------------------------------+-----------------------------------------------------------------------------+--------------+------------+----------------+----------------+--------------+
| Path1 | 4.297 | gmem0_m_axi_U/bus_read/rreq_burst_conv/burst_sequential/sect_total_reg[15]/C | gmem0_m_axi_U/bus_read/rreq_burst_conv/burst_sequential/sect_cnt_reg[38]/CE |            4 |        168 |          5.212 |          0.978 |        4.234 |
| Path2 | 4.297 | gmem0_m_axi_U/bus_read/rreq_burst_conv/burst_sequential/sect_total_reg[15]/C | gmem0_m_axi_U/bus_read/rreq_burst_conv/burst_sequential/sect_cnt_reg[41]/CE |            4 |        168 |          5.212 |          0.978 |        4.234 |
| Path3 | 4.297 | gmem0_m_axi_U/bus_read/rreq_burst_conv/burst_sequential/sect_total_reg[15]/C | gmem0_m_axi_U/bus_read/rreq_burst_conv/burst_sequential/sect_cnt_reg[42]/CE |            4 |        168 |          5.212 |          0.978 |        4.234 |
| Path4 | 4.297 | gmem0_m_axi_U/bus_read/rreq_burst_conv/burst_sequential/sect_total_reg[15]/C | gmem0_m_axi_U/bus_read/rreq_burst_conv/burst_sequential/sect_cnt_reg[43]/CE |            4 |        168 |          5.212 |          0.978 |        4.234 |
| Path5 | 4.297 | gmem0_m_axi_U/bus_read/rreq_burst_conv/burst_sequential/sect_total_reg[15]/C | gmem0_m_axi_U/bus_read/rreq_burst_conv/burst_sequential/sect_cnt_reg[44]/CE |            4 |        168 |          5.212 |          0.978 |        4.234 |
+-------+-------+------------------------------------------------------------------------------+-----------------------------------------------------------------------------+--------------+------------+----------------+----------------+--------------+

    +-----------------------------------------------------------------------------------+----------------------+
    | Path1 Cells                                                                       | Primitive Type       |
    +-----------------------------------------------------------------------------------+----------------------+
    | gmem0_m_axi_U/bus_read/rreq_burst_conv/burst_sequential/sect_total_reg[15]        | FLOP_LATCH.flop.FDRE |
    | gmem0_m_axi_U/bus_read/rreq_burst_conv/burst_sequential/rs_req/sect_total[19]_i_5 | LUT.others.LUT6      |
    | gmem0_m_axi_U/bus_read/rreq_burst_conv/burst_sequential/rs_req/sect_total[19]_i_3 | LUT.others.LUT4      |
    | gmem0_m_axi_U/bus_read/rreq_burst_conv/burst_sequential/rs_req/sect_total[19]_i_1 | LUT.others.LUT5      |
    | gmem0_m_axi_U/bus_read/rreq_burst_conv/burst_sequential/rs_req/sect_cnt[51]_i_1   | LUT.others.LUT2      |
    | gmem0_m_axi_U/bus_read/rreq_burst_conv/burst_sequential/sect_cnt_reg[38]          | FLOP_LATCH.flop.FDRE |
    | gmem0_m_axi_U/bus_read/rreq_burst_conv/burst_sequential/sect_total_reg[15]        | FLOP_LATCH.flop.FDRE |
    | gmem0_m_axi_U/bus_read/rreq_burst_conv/burst_sequential/rs_req/sect_total[19]_i_5 | LUT.others.LUT6      |
    | gmem0_m_axi_U/bus_read/rreq_burst_conv/burst_sequential/rs_req/sect_total[19]_i_3 | LUT.others.LUT4      |
    | gmem0_m_axi_U/bus_read/rreq_burst_conv/burst_sequential/rs_req/sect_total[19]_i_1 | LUT.others.LUT5      |
    | gmem0_m_axi_U/bus_read/rreq_burst_conv/burst_sequential/rs_req/sect_cnt[51]_i_1   | LUT.others.LUT2      |
    | gmem0_m_axi_U/bus_read/rreq_burst_conv/burst_sequential/sect_cnt_reg[41]          | FLOP_LATCH.flop.FDRE |
    | gmem0_m_axi_U/bus_read/rreq_burst_conv/burst_sequential/sect_total_reg[15]        | FLOP_LATCH.flop.FDRE |
    | gmem0_m_axi_U/bus_read/rreq_burst_conv/burst_sequential/rs_req/sect_total[19]_i_5 | LUT.others.LUT6      |
    | gmem0_m_axi_U/bus_read/rreq_burst_conv/burst_sequential/rs_req/sect_total[19]_i_3 | LUT.others.LUT4      |
    | gmem0_m_axi_U/bus_read/rreq_burst_conv/burst_sequential/rs_req/sect_total[19]_i_1 | LUT.others.LUT5      |
    | gmem0_m_axi_U/bus_read/rreq_burst_conv/burst_sequential/rs_req/sect_cnt[51]_i_1   | LUT.others.LUT2      |
    | gmem0_m_axi_U/bus_read/rreq_burst_conv/burst_sequential/sect_cnt_reg[42]          | FLOP_LATCH.flop.FDRE |
    | gmem0_m_axi_U/bus_read/rreq_burst_conv/burst_sequential/sect_total_reg[15]        | FLOP_LATCH.flop.FDRE |
    | gmem0_m_axi_U/bus_read/rreq_burst_conv/burst_sequential/rs_req/sect_total[19]_i_5 | LUT.others.LUT6      |
    | gmem0_m_axi_U/bus_read/rreq_burst_conv/burst_sequential/rs_req/sect_total[19]_i_3 | LUT.others.LUT4      |
    | gmem0_m_axi_U/bus_read/rreq_burst_conv/burst_sequential/rs_req/sect_total[19]_i_1 | LUT.others.LUT5      |
    | gmem0_m_axi_U/bus_read/rreq_burst_conv/burst_sequential/rs_req/sect_cnt[51]_i_1   | LUT.others.LUT2      |
    | gmem0_m_axi_U/bus_read/rreq_burst_conv/burst_sequential/sect_cnt_reg[43]          | FLOP_LATCH.flop.FDRE |
    | gmem0_m_axi_U/bus_read/rreq_burst_conv/burst_sequential/sect_total_reg[15]        | FLOP_LATCH.flop.FDRE |
    | gmem0_m_axi_U/bus_read/rreq_burst_conv/burst_sequential/rs_req/sect_total[19]_i_5 | LUT.others.LUT6      |
    | gmem0_m_axi_U/bus_read/rreq_burst_conv/burst_sequential/rs_req/sect_total[19]_i_3 | LUT.others.LUT4      |
    | gmem0_m_axi_U/bus_read/rreq_burst_conv/burst_sequential/rs_req/sect_total[19]_i_1 | LUT.others.LUT5      |
    | gmem0_m_axi_U/bus_read/rreq_burst_conv/burst_sequential/rs_req/sect_cnt[51]_i_1   | LUT.others.LUT2      |
    | gmem0_m_axi_U/bus_read/rreq_burst_conv/burst_sequential/sect_cnt_reg[44]          | FLOP_LATCH.flop.FDRE |
    +-----------------------------------------------------------------------------------+----------------------+

    +-----------------------------------------------------------------------------------+----------------------+
    | Path2 Cells                                                                       | Primitive Type       |
    +-----------------------------------------------------------------------------------+----------------------+
    | gmem0_m_axi_U/bus_read/rreq_burst_conv/burst_sequential/sect_total_reg[15]        | FLOP_LATCH.flop.FDRE |
    | gmem0_m_axi_U/bus_read/rreq_burst_conv/burst_sequential/rs_req/sect_total[19]_i_5 | LUT.others.LUT6      |
    | gmem0_m_axi_U/bus_read/rreq_burst_conv/burst_sequential/rs_req/sect_total[19]_i_3 | LUT.others.LUT4      |
    | gmem0_m_axi_U/bus_read/rreq_burst_conv/burst_sequential/rs_req/sect_total[19]_i_1 | LUT.others.LUT5      |
    | gmem0_m_axi_U/bus_read/rreq_burst_conv/burst_sequential/rs_req/sect_cnt[51]_i_1   | LUT.others.LUT2      |
    | gmem0_m_axi_U/bus_read/rreq_burst_conv/burst_sequential/sect_cnt_reg[38]          | FLOP_LATCH.flop.FDRE |
    | gmem0_m_axi_U/bus_read/rreq_burst_conv/burst_sequential/sect_total_reg[15]        | FLOP_LATCH.flop.FDRE |
    | gmem0_m_axi_U/bus_read/rreq_burst_conv/burst_sequential/rs_req/sect_total[19]_i_5 | LUT.others.LUT6      |
    | gmem0_m_axi_U/bus_read/rreq_burst_conv/burst_sequential/rs_req/sect_total[19]_i_3 | LUT.others.LUT4      |
    | gmem0_m_axi_U/bus_read/rreq_burst_conv/burst_sequential/rs_req/sect_total[19]_i_1 | LUT.others.LUT5      |
    | gmem0_m_axi_U/bus_read/rreq_burst_conv/burst_sequential/rs_req/sect_cnt[51]_i_1   | LUT.others.LUT2      |
    | gmem0_m_axi_U/bus_read/rreq_burst_conv/burst_sequential/sect_cnt_reg[41]          | FLOP_LATCH.flop.FDRE |
    | gmem0_m_axi_U/bus_read/rreq_burst_conv/burst_sequential/sect_total_reg[15]        | FLOP_LATCH.flop.FDRE |
    | gmem0_m_axi_U/bus_read/rreq_burst_conv/burst_sequential/rs_req/sect_total[19]_i_5 | LUT.others.LUT6      |
    | gmem0_m_axi_U/bus_read/rreq_burst_conv/burst_sequential/rs_req/sect_total[19]_i_3 | LUT.others.LUT4      |
    | gmem0_m_axi_U/bus_read/rreq_burst_conv/burst_sequential/rs_req/sect_total[19]_i_1 | LUT.others.LUT5      |
    | gmem0_m_axi_U/bus_read/rreq_burst_conv/burst_sequential/rs_req/sect_cnt[51]_i_1   | LUT.others.LUT2      |
    | gmem0_m_axi_U/bus_read/rreq_burst_conv/burst_sequential/sect_cnt_reg[42]          | FLOP_LATCH.flop.FDRE |
    | gmem0_m_axi_U/bus_read/rreq_burst_conv/burst_sequential/sect_total_reg[15]        | FLOP_LATCH.flop.FDRE |
    | gmem0_m_axi_U/bus_read/rreq_burst_conv/burst_sequential/rs_req/sect_total[19]_i_5 | LUT.others.LUT6      |
    | gmem0_m_axi_U/bus_read/rreq_burst_conv/burst_sequential/rs_req/sect_total[19]_i_3 | LUT.others.LUT4      |
    | gmem0_m_axi_U/bus_read/rreq_burst_conv/burst_sequential/rs_req/sect_total[19]_i_1 | LUT.others.LUT5      |
    | gmem0_m_axi_U/bus_read/rreq_burst_conv/burst_sequential/rs_req/sect_cnt[51]_i_1   | LUT.others.LUT2      |
    | gmem0_m_axi_U/bus_read/rreq_burst_conv/burst_sequential/sect_cnt_reg[43]          | FLOP_LATCH.flop.FDRE |
    | gmem0_m_axi_U/bus_read/rreq_burst_conv/burst_sequential/sect_total_reg[15]        | FLOP_LATCH.flop.FDRE |
    | gmem0_m_axi_U/bus_read/rreq_burst_conv/burst_sequential/rs_req/sect_total[19]_i_5 | LUT.others.LUT6      |
    | gmem0_m_axi_U/bus_read/rreq_burst_conv/burst_sequential/rs_req/sect_total[19]_i_3 | LUT.others.LUT4      |
    | gmem0_m_axi_U/bus_read/rreq_burst_conv/burst_sequential/rs_req/sect_total[19]_i_1 | LUT.others.LUT5      |
    | gmem0_m_axi_U/bus_read/rreq_burst_conv/burst_sequential/rs_req/sect_cnt[51]_i_1   | LUT.others.LUT2      |
    | gmem0_m_axi_U/bus_read/rreq_burst_conv/burst_sequential/sect_cnt_reg[44]          | FLOP_LATCH.flop.FDRE |
    +-----------------------------------------------------------------------------------+----------------------+

    +-----------------------------------------------------------------------------------+----------------------+
    | Path3 Cells                                                                       | Primitive Type       |
    +-----------------------------------------------------------------------------------+----------------------+
    | gmem0_m_axi_U/bus_read/rreq_burst_conv/burst_sequential/sect_total_reg[15]        | FLOP_LATCH.flop.FDRE |
    | gmem0_m_axi_U/bus_read/rreq_burst_conv/burst_sequential/rs_req/sect_total[19]_i_5 | LUT.others.LUT6      |
    | gmem0_m_axi_U/bus_read/rreq_burst_conv/burst_sequential/rs_req/sect_total[19]_i_3 | LUT.others.LUT4      |
    | gmem0_m_axi_U/bus_read/rreq_burst_conv/burst_sequential/rs_req/sect_total[19]_i_1 | LUT.others.LUT5      |
    | gmem0_m_axi_U/bus_read/rreq_burst_conv/burst_sequential/rs_req/sect_cnt[51]_i_1   | LUT.others.LUT2      |
    | gmem0_m_axi_U/bus_read/rreq_burst_conv/burst_sequential/sect_cnt_reg[38]          | FLOP_LATCH.flop.FDRE |
    | gmem0_m_axi_U/bus_read/rreq_burst_conv/burst_sequential/sect_total_reg[15]        | FLOP_LATCH.flop.FDRE |
    | gmem0_m_axi_U/bus_read/rreq_burst_conv/burst_sequential/rs_req/sect_total[19]_i_5 | LUT.others.LUT6      |
    | gmem0_m_axi_U/bus_read/rreq_burst_conv/burst_sequential/rs_req/sect_total[19]_i_3 | LUT.others.LUT4      |
    | gmem0_m_axi_U/bus_read/rreq_burst_conv/burst_sequential/rs_req/sect_total[19]_i_1 | LUT.others.LUT5      |
    | gmem0_m_axi_U/bus_read/rreq_burst_conv/burst_sequential/rs_req/sect_cnt[51]_i_1   | LUT.others.LUT2      |
    | gmem0_m_axi_U/bus_read/rreq_burst_conv/burst_sequential/sect_cnt_reg[41]          | FLOP_LATCH.flop.FDRE |
    | gmem0_m_axi_U/bus_read/rreq_burst_conv/burst_sequential/sect_total_reg[15]        | FLOP_LATCH.flop.FDRE |
    | gmem0_m_axi_U/bus_read/rreq_burst_conv/burst_sequential/rs_req/sect_total[19]_i_5 | LUT.others.LUT6      |
    | gmem0_m_axi_U/bus_read/rreq_burst_conv/burst_sequential/rs_req/sect_total[19]_i_3 | LUT.others.LUT4      |
    | gmem0_m_axi_U/bus_read/rreq_burst_conv/burst_sequential/rs_req/sect_total[19]_i_1 | LUT.others.LUT5      |
    | gmem0_m_axi_U/bus_read/rreq_burst_conv/burst_sequential/rs_req/sect_cnt[51]_i_1   | LUT.others.LUT2      |
    | gmem0_m_axi_U/bus_read/rreq_burst_conv/burst_sequential/sect_cnt_reg[42]          | FLOP_LATCH.flop.FDRE |
    | gmem0_m_axi_U/bus_read/rreq_burst_conv/burst_sequential/sect_total_reg[15]        | FLOP_LATCH.flop.FDRE |
    | gmem0_m_axi_U/bus_read/rreq_burst_conv/burst_sequential/rs_req/sect_total[19]_i_5 | LUT.others.LUT6      |
    | gmem0_m_axi_U/bus_read/rreq_burst_conv/burst_sequential/rs_req/sect_total[19]_i_3 | LUT.others.LUT4      |
    | gmem0_m_axi_U/bus_read/rreq_burst_conv/burst_sequential/rs_req/sect_total[19]_i_1 | LUT.others.LUT5      |
    | gmem0_m_axi_U/bus_read/rreq_burst_conv/burst_sequential/rs_req/sect_cnt[51]_i_1   | LUT.others.LUT2      |
    | gmem0_m_axi_U/bus_read/rreq_burst_conv/burst_sequential/sect_cnt_reg[43]          | FLOP_LATCH.flop.FDRE |
    | gmem0_m_axi_U/bus_read/rreq_burst_conv/burst_sequential/sect_total_reg[15]        | FLOP_LATCH.flop.FDRE |
    | gmem0_m_axi_U/bus_read/rreq_burst_conv/burst_sequential/rs_req/sect_total[19]_i_5 | LUT.others.LUT6      |
    | gmem0_m_axi_U/bus_read/rreq_burst_conv/burst_sequential/rs_req/sect_total[19]_i_3 | LUT.others.LUT4      |
    | gmem0_m_axi_U/bus_read/rreq_burst_conv/burst_sequential/rs_req/sect_total[19]_i_1 | LUT.others.LUT5      |
    | gmem0_m_axi_U/bus_read/rreq_burst_conv/burst_sequential/rs_req/sect_cnt[51]_i_1   | LUT.others.LUT2      |
    | gmem0_m_axi_U/bus_read/rreq_burst_conv/burst_sequential/sect_cnt_reg[44]          | FLOP_LATCH.flop.FDRE |
    +-----------------------------------------------------------------------------------+----------------------+

    +-----------------------------------------------------------------------------------+----------------------+
    | Path4 Cells                                                                       | Primitive Type       |
    +-----------------------------------------------------------------------------------+----------------------+
    | gmem0_m_axi_U/bus_read/rreq_burst_conv/burst_sequential/sect_total_reg[15]        | FLOP_LATCH.flop.FDRE |
    | gmem0_m_axi_U/bus_read/rreq_burst_conv/burst_sequential/rs_req/sect_total[19]_i_5 | LUT.others.LUT6      |
    | gmem0_m_axi_U/bus_read/rreq_burst_conv/burst_sequential/rs_req/sect_total[19]_i_3 | LUT.others.LUT4      |
    | gmem0_m_axi_U/bus_read/rreq_burst_conv/burst_sequential/rs_req/sect_total[19]_i_1 | LUT.others.LUT5      |
    | gmem0_m_axi_U/bus_read/rreq_burst_conv/burst_sequential/rs_req/sect_cnt[51]_i_1   | LUT.others.LUT2      |
    | gmem0_m_axi_U/bus_read/rreq_burst_conv/burst_sequential/sect_cnt_reg[38]          | FLOP_LATCH.flop.FDRE |
    | gmem0_m_axi_U/bus_read/rreq_burst_conv/burst_sequential/sect_total_reg[15]        | FLOP_LATCH.flop.FDRE |
    | gmem0_m_axi_U/bus_read/rreq_burst_conv/burst_sequential/rs_req/sect_total[19]_i_5 | LUT.others.LUT6      |
    | gmem0_m_axi_U/bus_read/rreq_burst_conv/burst_sequential/rs_req/sect_total[19]_i_3 | LUT.others.LUT4      |
    | gmem0_m_axi_U/bus_read/rreq_burst_conv/burst_sequential/rs_req/sect_total[19]_i_1 | LUT.others.LUT5      |
    | gmem0_m_axi_U/bus_read/rreq_burst_conv/burst_sequential/rs_req/sect_cnt[51]_i_1   | LUT.others.LUT2      |
    | gmem0_m_axi_U/bus_read/rreq_burst_conv/burst_sequential/sect_cnt_reg[41]          | FLOP_LATCH.flop.FDRE |
    | gmem0_m_axi_U/bus_read/rreq_burst_conv/burst_sequential/sect_total_reg[15]        | FLOP_LATCH.flop.FDRE |
    | gmem0_m_axi_U/bus_read/rreq_burst_conv/burst_sequential/rs_req/sect_total[19]_i_5 | LUT.others.LUT6      |
    | gmem0_m_axi_U/bus_read/rreq_burst_conv/burst_sequential/rs_req/sect_total[19]_i_3 | LUT.others.LUT4      |
    | gmem0_m_axi_U/bus_read/rreq_burst_conv/burst_sequential/rs_req/sect_total[19]_i_1 | LUT.others.LUT5      |
    | gmem0_m_axi_U/bus_read/rreq_burst_conv/burst_sequential/rs_req/sect_cnt[51]_i_1   | LUT.others.LUT2      |
    | gmem0_m_axi_U/bus_read/rreq_burst_conv/burst_sequential/sect_cnt_reg[42]          | FLOP_LATCH.flop.FDRE |
    | gmem0_m_axi_U/bus_read/rreq_burst_conv/burst_sequential/sect_total_reg[15]        | FLOP_LATCH.flop.FDRE |
    | gmem0_m_axi_U/bus_read/rreq_burst_conv/burst_sequential/rs_req/sect_total[19]_i_5 | LUT.others.LUT6      |
    | gmem0_m_axi_U/bus_read/rreq_burst_conv/burst_sequential/rs_req/sect_total[19]_i_3 | LUT.others.LUT4      |
    | gmem0_m_axi_U/bus_read/rreq_burst_conv/burst_sequential/rs_req/sect_total[19]_i_1 | LUT.others.LUT5      |
    | gmem0_m_axi_U/bus_read/rreq_burst_conv/burst_sequential/rs_req/sect_cnt[51]_i_1   | LUT.others.LUT2      |
    | gmem0_m_axi_U/bus_read/rreq_burst_conv/burst_sequential/sect_cnt_reg[43]          | FLOP_LATCH.flop.FDRE |
    | gmem0_m_axi_U/bus_read/rreq_burst_conv/burst_sequential/sect_total_reg[15]        | FLOP_LATCH.flop.FDRE |
    | gmem0_m_axi_U/bus_read/rreq_burst_conv/burst_sequential/rs_req/sect_total[19]_i_5 | LUT.others.LUT6      |
    | gmem0_m_axi_U/bus_read/rreq_burst_conv/burst_sequential/rs_req/sect_total[19]_i_3 | LUT.others.LUT4      |
    | gmem0_m_axi_U/bus_read/rreq_burst_conv/burst_sequential/rs_req/sect_total[19]_i_1 | LUT.others.LUT5      |
    | gmem0_m_axi_U/bus_read/rreq_burst_conv/burst_sequential/rs_req/sect_cnt[51]_i_1   | LUT.others.LUT2      |
    | gmem0_m_axi_U/bus_read/rreq_burst_conv/burst_sequential/sect_cnt_reg[44]          | FLOP_LATCH.flop.FDRE |
    +-----------------------------------------------------------------------------------+----------------------+

    +-----------------------------------------------------------------------------------+----------------------+
    | Path5 Cells                                                                       | Primitive Type       |
    +-----------------------------------------------------------------------------------+----------------------+
    | gmem0_m_axi_U/bus_read/rreq_burst_conv/burst_sequential/sect_total_reg[15]        | FLOP_LATCH.flop.FDRE |
    | gmem0_m_axi_U/bus_read/rreq_burst_conv/burst_sequential/rs_req/sect_total[19]_i_5 | LUT.others.LUT6      |
    | gmem0_m_axi_U/bus_read/rreq_burst_conv/burst_sequential/rs_req/sect_total[19]_i_3 | LUT.others.LUT4      |
    | gmem0_m_axi_U/bus_read/rreq_burst_conv/burst_sequential/rs_req/sect_total[19]_i_1 | LUT.others.LUT5      |
    | gmem0_m_axi_U/bus_read/rreq_burst_conv/burst_sequential/rs_req/sect_cnt[51]_i_1   | LUT.others.LUT2      |
    | gmem0_m_axi_U/bus_read/rreq_burst_conv/burst_sequential/sect_cnt_reg[38]          | FLOP_LATCH.flop.FDRE |
    | gmem0_m_axi_U/bus_read/rreq_burst_conv/burst_sequential/sect_total_reg[15]        | FLOP_LATCH.flop.FDRE |
    | gmem0_m_axi_U/bus_read/rreq_burst_conv/burst_sequential/rs_req/sect_total[19]_i_5 | LUT.others.LUT6      |
    | gmem0_m_axi_U/bus_read/rreq_burst_conv/burst_sequential/rs_req/sect_total[19]_i_3 | LUT.others.LUT4      |
    | gmem0_m_axi_U/bus_read/rreq_burst_conv/burst_sequential/rs_req/sect_total[19]_i_1 | LUT.others.LUT5      |
    | gmem0_m_axi_U/bus_read/rreq_burst_conv/burst_sequential/rs_req/sect_cnt[51]_i_1   | LUT.others.LUT2      |
    | gmem0_m_axi_U/bus_read/rreq_burst_conv/burst_sequential/sect_cnt_reg[41]          | FLOP_LATCH.flop.FDRE |
    | gmem0_m_axi_U/bus_read/rreq_burst_conv/burst_sequential/sect_total_reg[15]        | FLOP_LATCH.flop.FDRE |
    | gmem0_m_axi_U/bus_read/rreq_burst_conv/burst_sequential/rs_req/sect_total[19]_i_5 | LUT.others.LUT6      |
    | gmem0_m_axi_U/bus_read/rreq_burst_conv/burst_sequential/rs_req/sect_total[19]_i_3 | LUT.others.LUT4      |
    | gmem0_m_axi_U/bus_read/rreq_burst_conv/burst_sequential/rs_req/sect_total[19]_i_1 | LUT.others.LUT5      |
    | gmem0_m_axi_U/bus_read/rreq_burst_conv/burst_sequential/rs_req/sect_cnt[51]_i_1   | LUT.others.LUT2      |
    | gmem0_m_axi_U/bus_read/rreq_burst_conv/burst_sequential/sect_cnt_reg[42]          | FLOP_LATCH.flop.FDRE |
    | gmem0_m_axi_U/bus_read/rreq_burst_conv/burst_sequential/sect_total_reg[15]        | FLOP_LATCH.flop.FDRE |
    | gmem0_m_axi_U/bus_read/rreq_burst_conv/burst_sequential/rs_req/sect_total[19]_i_5 | LUT.others.LUT6      |
    | gmem0_m_axi_U/bus_read/rreq_burst_conv/burst_sequential/rs_req/sect_total[19]_i_3 | LUT.others.LUT4      |
    | gmem0_m_axi_U/bus_read/rreq_burst_conv/burst_sequential/rs_req/sect_total[19]_i_1 | LUT.others.LUT5      |
    | gmem0_m_axi_U/bus_read/rreq_burst_conv/burst_sequential/rs_req/sect_cnt[51]_i_1   | LUT.others.LUT2      |
    | gmem0_m_axi_U/bus_read/rreq_burst_conv/burst_sequential/sect_cnt_reg[43]          | FLOP_LATCH.flop.FDRE |
    | gmem0_m_axi_U/bus_read/rreq_burst_conv/burst_sequential/sect_total_reg[15]        | FLOP_LATCH.flop.FDRE |
    | gmem0_m_axi_U/bus_read/rreq_burst_conv/burst_sequential/rs_req/sect_total[19]_i_5 | LUT.others.LUT6      |
    | gmem0_m_axi_U/bus_read/rreq_burst_conv/burst_sequential/rs_req/sect_total[19]_i_3 | LUT.others.LUT4      |
    | gmem0_m_axi_U/bus_read/rreq_burst_conv/burst_sequential/rs_req/sect_total[19]_i_1 | LUT.others.LUT5      |
    | gmem0_m_axi_U/bus_read/rreq_burst_conv/burst_sequential/rs_req/sect_cnt[51]_i_1   | LUT.others.LUT2      |
    | gmem0_m_axi_U/bus_read/rreq_burst_conv/burst_sequential/sect_cnt_reg[44]          | FLOP_LATCH.flop.FDRE |
    +-----------------------------------------------------------------------------------+----------------------+


================================================================
== Place & Route Vivado Reports
================================================================
+--------------------------+----------------------------------------------------------------------+
| Report Type              | Report Location                                                      |
+--------------------------+----------------------------------------------------------------------+
| design_analysis          | impl/verilog/report/array_summer_design_analysis_routed.rpt          |
| failfast                 | impl/verilog/report/array_summer_failfast_routed.rpt                 |
| power                    | impl/verilog/report/array_summer_power_routed.rpt                    |
| status                   | impl/verilog/report/array_summer_status_routed.rpt                   |
| timing                   | impl/verilog/report/array_summer_timing_routed.rpt                   |
| timing_paths             | impl/verilog/report/array_summer_timing_paths_routed.rpt             |
| utilization              | impl/verilog/report/array_summer_utilization_routed.rpt              |
| utilization_hierarchical | impl/verilog/report/array_summer_utilization_hierarchical_routed.rpt |
+--------------------------+----------------------------------------------------------------------+


