

Implementation tool: Xilinx Vivado v.2025.1
Project:             soma_arrays_200
Solution:            hls
Device target:       xc7s50-csga324-1
Report date:         Fri Jul 18 17:05:14 -0300 2025

#=== Post-Implementation Resource usage ===
SLICE:           65
LUT:            151
FF:             140
DSP:              3
BRAM:             5
URAM:             0
LATCH:            0
SRL:              5
CLB:              0

#=== Final timing ===
CP required:                     10.000
CP achieved post-synthesis:      5.745
CP achieved post-implementation: 5.746
Timing met
