

================================================================
== Vitis HLS Report for 'adder_new'
================================================================
* Date:           Mon Jul 14 19:53:55 2025

* Version:        2024.2 (Build 5238294 on Nov  8 2024)
* Project:        adder_new
* Solution:       hls (Vivado IP Flow Target)
* Product family: spartan7
* Target device:  xc7s50-csga324-1


================================================================
== Performance Estimates
================================================================
+ Timing: 
    * Summary: 
    +--------+----------+----------+------------+
    |  Clock |  Target  | Estimated| Uncertainty|
    +--------+----------+----------+------------+
    |ap_clk  |  10.00 ns|  5.684 ns|     2.70 ns|
    +--------+----------+----------+------------+

+ Latency: 
    * Summary: 
    +---------+---------+----------+----------+-----+-----+---------+
    |  Latency (cycles) |  Latency (absolute) |  Interval | Pipeline|
    |   min   |   max   |    min   |    max   | min | max |   Type  |
    +---------+---------+----------+----------+-----+-----+---------+
    |        0|        0|      0 ns|      0 ns|    1|    1|       no|
    +---------+---------+----------+----------+-----+-----+---------+

    + Detail: 
        * Instance: 
        N/A

        * Loop: 
        N/A



================================================================
== Utilization Estimates
================================================================
* Summary: 
+-----------------+---------+-----+-------+-------+-----+
|       Name      | BRAM_18K| DSP |   FF  |  LUT  | URAM|
+-----------------+---------+-----+-------+-------+-----+
|DSP              |        -|    -|      -|      -|    -|
|Expression       |        -|    -|      0|     16|    -|
|FIFO             |        -|    -|      -|      -|    -|
|Instance         |        0|    -|     92|    104|    -|
|Memory           |        -|    -|      -|      -|    -|
|Multiplexer      |        -|    -|      -|      -|    -|
|Register         |        -|    -|      -|      -|    -|
+-----------------+---------+-----+-------+-------+-----+
|Total            |        0|    0|     92|    120|    0|
+-----------------+---------+-----+-------+-------+-----+
|Available        |      150|  120|  65200|  32600|    0|
+-----------------+---------+-----+-------+-------+-----+
|Utilization (%)  |        0|    0|     ~0|     ~0|    0|
+-----------------+---------+-----+-------+-------+-----+

+ Detail: 
    * Instance: 
    +---------------+-------------+---------+----+----+-----+-----+
    |    Instance   |    Module   | BRAM_18K| DSP| FF | LUT | URAM|
    +---------------+-------------+---------+----+----+-----+-----+
    |BUS_A_s_axi_U  |BUS_A_s_axi  |        0|   0|  92|  104|    0|
    +---------------+-------------+---------+----+----+-----+-----+
    |Total          |             |        0|   0|  92|  104|    0|
    +---------------+-------------+---------+----+----+-----+-----+

    * DSP: 
    N/A

    * Memory: 
    N/A

    * FIFO: 
    N/A

    * Expression: 
    +------------------+----------+----+---+----+------------+------------+
    |   Variable Name  | Operation| DSP| FF| LUT| Bitwidth P0| Bitwidth P1|
    +------------------+----------+----+---+----+------------+------------+
    |add_ln9_fu_63_p2  |         +|   0|  0|   8|           8|           8|
    |c_o               |         +|   0|  0|   8|           8|           8|
    +------------------+----------+----+---+----+------------+------------+
    |Total             |          |   0|  0|  16|          16|          16|
    +------------------+----------+----+---+----+------------+------------+

    * Multiplexer: 
    N/A

    * Register: 
    N/A



================================================================
== Interface
================================================================
* Summary: 
+---------------------+-----+-----+------------+--------------+--------------+
|      RTL Ports      | Dir | Bits|  Protocol  | Source Object|    C Type    |
+---------------------+-----+-----+------------+--------------+--------------+
|s_axi_BUS_A_AWVALID  |   in|    1|       s_axi|         BUS_A|       pointer|
|s_axi_BUS_A_AWREADY  |  out|    1|       s_axi|         BUS_A|       pointer|
|s_axi_BUS_A_AWADDR   |   in|    6|       s_axi|         BUS_A|       pointer|
|s_axi_BUS_A_WVALID   |   in|    1|       s_axi|         BUS_A|       pointer|
|s_axi_BUS_A_WREADY   |  out|    1|       s_axi|         BUS_A|       pointer|
|s_axi_BUS_A_WDATA    |   in|   32|       s_axi|         BUS_A|       pointer|
|s_axi_BUS_A_WSTRB    |   in|    4|       s_axi|         BUS_A|       pointer|
|s_axi_BUS_A_ARVALID  |   in|    1|       s_axi|         BUS_A|       pointer|
|s_axi_BUS_A_ARREADY  |  out|    1|       s_axi|         BUS_A|       pointer|
|s_axi_BUS_A_ARADDR   |   in|    6|       s_axi|         BUS_A|       pointer|
|s_axi_BUS_A_RVALID   |  out|    1|       s_axi|         BUS_A|       pointer|
|s_axi_BUS_A_RREADY   |   in|    1|       s_axi|         BUS_A|       pointer|
|s_axi_BUS_A_RDATA    |  out|   32|       s_axi|         BUS_A|       pointer|
|s_axi_BUS_A_RRESP    |  out|    2|       s_axi|         BUS_A|       pointer|
|s_axi_BUS_A_BVALID   |  out|    1|       s_axi|         BUS_A|       pointer|
|s_axi_BUS_A_BREADY   |   in|    1|       s_axi|         BUS_A|       pointer|
|s_axi_BUS_A_BRESP    |  out|    2|       s_axi|         BUS_A|       pointer|
|ap_clk               |   in|    1|  ap_ctrl_hs|     adder_new|  return value|
|ap_rst_n             |   in|    1|  ap_ctrl_hs|     adder_new|  return value|
|interrupt            |  out|    1|  ap_ctrl_hs|     adder_new|  return value|
+---------------------+-----+-----+------------+--------------+--------------+

