================================================================
== Vivado Place & Route Results
================================================================
+ General Information:
    * Date:            Fri Jul 18 17:18:59 -0300 2025
    * Version:         2025.1 (Build 6135595 on May 21 2025)
    * Project:         soma_arrays_400
    * Solution:        hls (Vivado IP Flow Target)
    * Product family:  spartan7
    * Target device:   xc7s50-csga324-1


================================================================
== Run Constraints & Options
================================================================
+ Design Constraints & Options:
    * Place & Route target clock:  10 ns
    * C-Synthesis uncertainty:     27%

+ RTL Synthesis Options:
    * config_export -vivado_synth_strategy:     default
    * config_export -vivado_synth_design_args:  -directive sdx_optimization_effort_high

+ Place & Route Options:
    * config_export -vivado_impl_strategy:  default
    * config_export -vivado_phys_opt:       auto

+ Reporting Options:
    * config_export -vivado_report_level:      2
    * config_export -vivado_max_timing_paths:  10


================================================================
== Place & Route Resource Summary
================================================================
LUT:              149
FF:               142
DSP:              3
BRAM:             5
URAM:             0
SRL:              6


================================================================
== Place & Route Timing Summary
================================================================
* Timing was met
+----------------+-------------+
| Timing         | Period (ns) |
+----------------+-------------+
| Target         | 10.000      |
| Post-Synthesis | 5.745       |
| Post-Route     | 5.692       |
+----------------+-------------+


================================================================
== Place & Route Resources
================================================================
+----------------------------------+-----+-----+-----+------+------+-----+--------+------+---------+----------+--------+
| Name                             | LUT | FF  | DSP | BRAM | URAM | SRL | Pragma | Impl | Latency | Variable | Source |
+----------------------------------+-----+-----+-----+------+------+-----+--------+------+---------+----------+--------+
| inst                             | 149 | 142 | 3   | 5    |      |     |        |      |         |          |        |
|   (inst)                         | 6   | 57  |     |      |      |     |        |      |         |          |        |
|   control_s_axi_U                | 111 | 66  |     | 5    |      |     |        |      |         |          |        |
|   flow_control_loop_delay_pipe_U |     |     |     |      |      |     |        |      |         |          |        |
|   mul_32s_32s_32_2_1_U1          |     |     |     |      |      |     |        |      |         |          |        |
+----------------------------------+-----+-----+-----+------+------+-----+--------+------+---------+----------+--------+


================================================================
== Place & Route Fail Fast
================================================================
+-----------------------------------------------------------+-----------+--------+--------+
| Criteria                                                  | Guideline | Actual | Status |
+-----------------------------------------------------------+-----------+--------+--------+
| LUT                                                       | 70%       | 0.46%  | OK     |
| FD                                                        | 50%       | 0.22%  | OK     |
| LUTRAM+SRL                                                | 25%       | 0.06%  | OK     |
| MUXF7                                                     | 15%       | 0.00%  | OK     |
| DSP                                                       | 80%       | 2.50%  | OK     |
| RAMB/FIFO                                                 | 80%       | 3.33%  | OK     |
| DSP+RAMB+URAM (Avg)                                       | 70%       | 2.92%  | OK     |
| BUFGCE* + BUFGCTRL                                        | 24        | 0      | OK     |
| DONT_TOUCH (cells/nets)                                   | 0         | 0      | OK     |
| MARK_DEBUG (nets)                                         | 0         | 0      | OK     |
| Control Sets                                              | 611       | 6      | OK     |
| Average Fanout for modules > 100k cells                   | 4         | 1.75   | OK     |
| Max Average Fanout for modules > 100k cells               | 4         | 0      | OK     |
| Non-FD high fanout nets > 10k loads                       | 0         | 0      | OK     |
+-----------------------------------------------------------+-----------+--------+--------+
| TIMING-6 (No common primary clock between related clocks) | 0         | 0      | OK     |
| TIMING-7 (No common node between related clocks)          | 0         | 0      | OK     |
| TIMING-8 (No common period between related clocks)        | 0         | 0      | OK     |
| TIMING-14 (LUT on the clock tree)                         | 0         | 0      | OK     |
| TIMING-35 (No common node in paths with the same clock)   | 0         | 0      | OK     |
+-----------------------------------------------------------+-----------+--------+--------+
| Number of paths above max LUT budgeting (0.575ns)         | 0         | 0      | OK     |
| Number of paths above max Net budgeting (0.403ns)         | 0         | 0      | OK     |
+-----------------------------------------------------------+-----------+--------+--------+


================================================================
== Place & Route Timing Paths
================================================================
* Timing was met
+-------+-------+------------------------------------------+------------------------------------------+--------------+------------+----------------+----------------+--------------+
| Path  | SLACK | STARTPOINT PIN                           | ENDPOINT PIN                             | LOGIC LEVELS | MAX FANOUT | DATAPATH DELAY | DATAPATH LOGIC | DATAPATH NET |
|       |       |                                          |                                          |              |            |                |          DELAY |        DELAY |
+-------+-------+------------------------------------------+------------------------------------------+--------------+------------+----------------+----------------+--------------+
| Path1 | 4.308 | mul_32s_32s_32_2_1_U1/tmp_product__0/CLK | mul_32s_32s_32_2_1_U1/buff0_reg/PCIN[0]  |            0 |          1 |          4.208 |          4.206 |        0.002 |
| Path2 | 4.308 | mul_32s_32s_32_2_1_U1/tmp_product__0/CLK | mul_32s_32s_32_2_1_U1/buff0_reg/PCIN[10] |            0 |          1 |          4.208 |          4.206 |        0.002 |
| Path3 | 4.308 | mul_32s_32s_32_2_1_U1/tmp_product__0/CLK | mul_32s_32s_32_2_1_U1/buff0_reg/PCIN[11] |            0 |          1 |          4.208 |          4.206 |        0.002 |
| Path4 | 4.308 | mul_32s_32s_32_2_1_U1/tmp_product__0/CLK | mul_32s_32s_32_2_1_U1/buff0_reg/PCIN[12] |            0 |          1 |          4.208 |          4.206 |        0.002 |
| Path5 | 4.308 | mul_32s_32s_32_2_1_U1/tmp_product__0/CLK | mul_32s_32s_32_2_1_U1/buff0_reg/PCIN[13] |            0 |          1 |          4.208 |          4.206 |        0.002 |
+-------+-------+------------------------------------------+------------------------------------------+--------------+------------+----------------+----------------+--------------+

    +--------------------------------------+------------------+
    | Path1 Cells                          | Primitive Type   |
    +--------------------------------------+------------------+
    | mul_32s_32s_32_2_1_U1/tmp_product__0 | MULT.dsp.DSP48E1 |
    | mul_32s_32s_32_2_1_U1/buff0_reg      | MULT.dsp.DSP48E1 |
    | mul_32s_32s_32_2_1_U1/tmp_product__0 | MULT.dsp.DSP48E1 |
    | mul_32s_32s_32_2_1_U1/buff0_reg      | MULT.dsp.DSP48E1 |
    | mul_32s_32s_32_2_1_U1/tmp_product__0 | MULT.dsp.DSP48E1 |
    | mul_32s_32s_32_2_1_U1/buff0_reg      | MULT.dsp.DSP48E1 |
    | mul_32s_32s_32_2_1_U1/tmp_product__0 | MULT.dsp.DSP48E1 |
    | mul_32s_32s_32_2_1_U1/buff0_reg      | MULT.dsp.DSP48E1 |
    | mul_32s_32s_32_2_1_U1/tmp_product__0 | MULT.dsp.DSP48E1 |
    | mul_32s_32s_32_2_1_U1/buff0_reg      | MULT.dsp.DSP48E1 |
    +--------------------------------------+------------------+

    +--------------------------------------+------------------+
    | Path2 Cells                          | Primitive Type   |
    +--------------------------------------+------------------+
    | mul_32s_32s_32_2_1_U1/tmp_product__0 | MULT.dsp.DSP48E1 |
    | mul_32s_32s_32_2_1_U1/buff0_reg      | MULT.dsp.DSP48E1 |
    | mul_32s_32s_32_2_1_U1/tmp_product__0 | MULT.dsp.DSP48E1 |
    | mul_32s_32s_32_2_1_U1/buff0_reg      | MULT.dsp.DSP48E1 |
    | mul_32s_32s_32_2_1_U1/tmp_product__0 | MULT.dsp.DSP48E1 |
    | mul_32s_32s_32_2_1_U1/buff0_reg      | MULT.dsp.DSP48E1 |
    | mul_32s_32s_32_2_1_U1/tmp_product__0 | MULT.dsp.DSP48E1 |
    | mul_32s_32s_32_2_1_U1/buff0_reg      | MULT.dsp.DSP48E1 |
    | mul_32s_32s_32_2_1_U1/tmp_product__0 | MULT.dsp.DSP48E1 |
    | mul_32s_32s_32_2_1_U1/buff0_reg      | MULT.dsp.DSP48E1 |
    +--------------------------------------+------------------+

    +--------------------------------------+------------------+
    | Path3 Cells                          | Primitive Type   |
    +--------------------------------------+------------------+
    | mul_32s_32s_32_2_1_U1/tmp_product__0 | MULT.dsp.DSP48E1 |
    | mul_32s_32s_32_2_1_U1/buff0_reg      | MULT.dsp.DSP48E1 |
    | mul_32s_32s_32_2_1_U1/tmp_product__0 | MULT.dsp.DSP48E1 |
    | mul_32s_32s_32_2_1_U1/buff0_reg      | MULT.dsp.DSP48E1 |
    | mul_32s_32s_32_2_1_U1/tmp_product__0 | MULT.dsp.DSP48E1 |
    | mul_32s_32s_32_2_1_U1/buff0_reg      | MULT.dsp.DSP48E1 |
    | mul_32s_32s_32_2_1_U1/tmp_product__0 | MULT.dsp.DSP48E1 |
    | mul_32s_32s_32_2_1_U1/buff0_reg      | MULT.dsp.DSP48E1 |
    | mul_32s_32s_32_2_1_U1/tmp_product__0 | MULT.dsp.DSP48E1 |
    | mul_32s_32s_32_2_1_U1/buff0_reg      | MULT.dsp.DSP48E1 |
    +--------------------------------------+------------------+

    +--------------------------------------+------------------+
    | Path4 Cells                          | Primitive Type   |
    +--------------------------------------+------------------+
    | mul_32s_32s_32_2_1_U1/tmp_product__0 | MULT.dsp.DSP48E1 |
    | mul_32s_32s_32_2_1_U1/buff0_reg      | MULT.dsp.DSP48E1 |
    | mul_32s_32s_32_2_1_U1/tmp_product__0 | MULT.dsp.DSP48E1 |
    | mul_32s_32s_32_2_1_U1/buff0_reg      | MULT.dsp.DSP48E1 |
    | mul_32s_32s_32_2_1_U1/tmp_product__0 | MULT.dsp.DSP48E1 |
    | mul_32s_32s_32_2_1_U1/buff0_reg      | MULT.dsp.DSP48E1 |
    | mul_32s_32s_32_2_1_U1/tmp_product__0 | MULT.dsp.DSP48E1 |
    | mul_32s_32s_32_2_1_U1/buff0_reg      | MULT.dsp.DSP48E1 |
    | mul_32s_32s_32_2_1_U1/tmp_product__0 | MULT.dsp.DSP48E1 |
    | mul_32s_32s_32_2_1_U1/buff0_reg      | MULT.dsp.DSP48E1 |
    +--------------------------------------+------------------+

    +--------------------------------------+------------------+
    | Path5 Cells                          | Primitive Type   |
    +--------------------------------------+------------------+
    | mul_32s_32s_32_2_1_U1/tmp_product__0 | MULT.dsp.DSP48E1 |
    | mul_32s_32s_32_2_1_U1/buff0_reg      | MULT.dsp.DSP48E1 |
    | mul_32s_32s_32_2_1_U1/tmp_product__0 | MULT.dsp.DSP48E1 |
    | mul_32s_32s_32_2_1_U1/buff0_reg      | MULT.dsp.DSP48E1 |
    | mul_32s_32s_32_2_1_U1/tmp_product__0 | MULT.dsp.DSP48E1 |
    | mul_32s_32s_32_2_1_U1/buff0_reg      | MULT.dsp.DSP48E1 |
    | mul_32s_32s_32_2_1_U1/tmp_product__0 | MULT.dsp.DSP48E1 |
    | mul_32s_32s_32_2_1_U1/buff0_reg      | MULT.dsp.DSP48E1 |
    | mul_32s_32s_32_2_1_U1/tmp_product__0 | MULT.dsp.DSP48E1 |
    | mul_32s_32s_32_2_1_U1/buff0_reg      | MULT.dsp.DSP48E1 |
    +--------------------------------------+------------------+


================================================================
== Place & Route Vivado Reports
================================================================
+--------------------------+---------------------------------------------------------------------+
| Report Type              | Report Location                                                     |
+--------------------------+---------------------------------------------------------------------+
| design_analysis          | impl/verilog/report/mult_hw_400_design_analysis_routed.rpt          |
| failfast                 | impl/verilog/report/mult_hw_400_failfast_routed.rpt                 |
| power                    | impl/verilog/report/mult_hw_400_power_routed.rpt                    |
| status                   | impl/verilog/report/mult_hw_400_status_routed.rpt                   |
| timing                   | impl/verilog/report/mult_hw_400_timing_routed.rpt                   |
| timing_paths             | impl/verilog/report/mult_hw_400_timing_paths_routed.rpt             |
| utilization              | impl/verilog/report/mult_hw_400_utilization_routed.rpt              |
| utilization_hierarchical | impl/verilog/report/mult_hw_400_utilization_hierarchical_routed.rpt |
+--------------------------+---------------------------------------------------------------------+


