

Implementation tool: Xilinx Vivado v.2025.1
Project:             soma_arrays_400
Solution:            hls
Device target:       xc7s50-csga324-1
Report date:         Fri Jul 18 17:18:59 -0300 2025

#=== Post-Implementation Resource usage ===
SLICE:           63
LUT:            149
FF:             142
DSP:              3
BRAM:             5
URAM:             0
LATCH:            0
SRL:              6
CLB:              0

#=== Final timing ===
CP required:                     10.000
CP achieved post-synthesis:      5.745
CP achieved post-implementation: 5.692
Timing met
