

Implementation tool: Xilinx Vivado v.2024.2
Project:             adder
Solution:            hls
Device target:       xc7s50-csga324-1
Report date:         Mon Jun 23 16:21:20 -0300 2025

#=== Post-Implementation Resource usage ===
SLICE:           19
LUT:             57
FF:              55
DSP:              0
BRAM:             0
URAM:             0
LATCH:            0
SRL:              0
CLB:              0

#=== Final timing ===
CP required:                     20.000
CP achieved post-synthesis:      NA
CP achieved post-implementation: NA
No Sequential Path
