================================================================
== Vivado Place & Route Results
================================================================
+ General Information:
    * Date:            Mon Jun 23 16:21:20 -0300 2025
    * Version:         2024.2 (Build 5238294 on Nov  8 2024)
    * Project:         adder
    * Solution:        hls (Vivado IP Flow Target)
    * Product family:  spartan7
    * Target device:   xc7s50-csga324-1


================================================================
== Run Constraints & Options
================================================================
+ Design Constraints & Options:
    * Place & Route target clock:  20 ns
    * C-Synthesis target clock:    20 ns
    * C-Synthesis uncertainty:     27%

+ RTL Synthesis Options:
    * config_export -vivado_synth_strategy:     default
    * config_export -vivado_synth_design_args:  -directive sdx_optimization_effort_high

+ Place & Route Options:
    * config_export -vivado_impl_strategy:  default
    * config_export -vivado_phys_opt:       auto

+ Reporting Options:
    * config_export -vivado_report_level:      2
    * config_export -vivado_max_timing_paths:  10


================================================================
== Place & Route Resource Summary
================================================================
LUT:              57
FF:               55
DSP:              0
BRAM:             0
URAM:             0
SRL:              0


================================================================
== Place & Route Timing Summary
================================================================
* Timing was not available
+----------------+-------------+
| Timing         | Period (ns) |
+----------------+-------------+
| Target         | 20.000      |
| Post-Synthesis | NA          |
| Post-Route     | NA          |
+----------------+-------------+


================================================================
== Place & Route Resources
================================================================
+-------------------+-----+----+-----+------+------+-----+--------+------+---------+----------+--------+
| Name              | LUT | FF | DSP | BRAM | URAM | SRL | Pragma | Impl | Latency | Variable | Source |
+-------------------+-----+----+-----+------+------+-----+--------+------+---------+----------+--------+
| inst              | 57  | 55 |     |      |      |     |        |      |         |          |        |
|   control_s_axi_U | 57  | 55 |     |      |      |     |        |      |         |          |        |
+-------------------+-----+----+-----+------+------+-----+--------+------+---------+----------+--------+


================================================================
== Place & Route Fail Fast
================================================================
+-----------------------------------------------------------+-----------+--------+--------+
| Criteria                                                  | Guideline | Actual | Status |
+-----------------------------------------------------------+-----------+--------+--------+
| LUT                                                       | 70%       | 0.17%  | OK     |
| FD                                                        | 50%       | 0.08%  | OK     |
| LUTRAM+SRL                                                | 25%       | 0.00%  | OK     |
| MUXF7                                                     | 15%       | 0.00%  | OK     |
| DSP                                                       | 80%       | 0.00%  | OK     |
| RAMB/FIFO                                                 | 80%       | 0.00%  | OK     |
| DSP+RAMB+URAM (Avg)                                       | 70%       | 0.00%  | OK     |
| BUFGCE* + BUFGCTRL                                        | 24        | 0      | OK     |
| DONT_TOUCH (cells/nets)                                   | 0         | 0      | OK     |
| MARK_DEBUG (nets)                                         | 0         | 0      | OK     |
| Control Sets                                              | 611       | 6      | OK     |
| Average Fanout for modules > 100k cells                   | 4         | 2.30   | OK     |
| Max Average Fanout for modules > 100k cells               | 4         | 0      | OK     |
| Non-FD high fanout nets > 10k loads                       | 0         | 0      | OK     |
+-----------------------------------------------------------+-----------+--------+--------+
| TIMING-6 (No common primary clock between related clocks) | 0         | 0      | OK     |
| TIMING-7 (No common node between related clocks)          | 0         | 0      | OK     |
| TIMING-8 (No common period between related clocks)        | 0         | 0      | OK     |
| TIMING-14 (LUT on the clock tree)                         | 0         | 0      | OK     |
| TIMING-35 (No common node in paths with the same clock)   | 0         | 0      | OK     |
+-----------------------------------------------------------+-----------+--------+--------+
| Number of paths above max LUT budgeting (0.575ns)         | 0         | 0      | OK     |
| Number of paths above max Net budgeting (0.403ns)         | 0         | 0      | OK     |
+-----------------------------------------------------------+-----------+--------+--------+


================================================================
== Place & Route Timing Paths
================================================================
* Timing was not available
+-------+-------+------------------------------------+--------------------------------+--------------+------------+----------------+----------------+--------------+
| Path  | SLACK | STARTPOINT PIN                     | ENDPOINT PIN                   | LOGIC LEVELS | MAX FANOUT | DATAPATH DELAY | DATAPATH LOGIC | DATAPATH NET |
|       |       |                                    |                                |              |            |                |          DELAY |        DELAY |
+-------+-------+------------------------------------+--------------------------------+--------------+------------+----------------+----------------+--------------+
| Path1 |       | control_s_axi_U/int_c_ap_vld_reg/C | control_s_axi_U/rdata_reg[0]/D |            4 |          2 |          3.571 |          0.828 |        2.743 |
| Path2 |       | s_axi_control_araddr[4]            | control_s_axi_U/rdata_reg[2]/D |            3 |          7 |          3.135 |          0.400 |        2.735 |
| Path3 |       | s_axi_control_araddr[5]            | control_s_axi_U/rdata_reg[3]/D |            3 |          8 |          3.058 |          0.372 |        2.686 |
| Path4 |       | s_axi_control_araddr[2]            | control_s_axi_U/rdata_reg[7]/D |            3 |          8 |          2.970 |          0.400 |        2.570 |
| Path5 |       | control_s_axi_U/waddr_reg[5]/C     | control_s_axi_U/int_isr_reg/D  |            4 |          5 |          2.859 |          0.890 |        1.969 |
+-------+-------+------------------------------------+--------------------------------+--------------+------------+----------------+----------------+--------------+

    +----------------------------------+----------------------+
    | Path1 Cells                      | Primitive Type       |
    +----------------------------------+----------------------+
    | control_s_axi_U/int_c_ap_vld_reg | FLOP_LATCH.flop.FDRE |
    | control_s_axi_U/rdata[0]_i_5     | LUT.others.LUT5      |
    | control_s_axi_U/rdata[0]_i_3     | LUT.others.LUT6      |
    | control_s_axi_U/rdata[0]_i_1     | LUT.others.LUT6      |
    | control_s_axi_U/rdata_reg[0]     | FLOP_LATCH.flop.FDRE |
    | control_s_axi_U/rdata[9]_i_3     | LUT.others.LUT6      |
    | control_s_axi_U/rdata[2]_i_2     | LUT.others.LUT6      |
    | control_s_axi_U/rdata[2]_i_1     | LUT.others.LUT3      |
    | control_s_axi_U/rdata_reg[2]     | FLOP_LATCH.flop.FDRE |
    | control_s_axi_U/rdata[6]_i_3     | LUT.others.LUT6      |
    | control_s_axi_U/rdata[3]_i_2     | LUT.others.LUT6      |
    | control_s_axi_U/rdata[3]_i_1     | LUT.others.LUT3      |
    | control_s_axi_U/rdata_reg[3]     | FLOP_LATCH.flop.FDRE |
    | control_s_axi_U/rdata[6]_i_2     | LUT.others.LUT6      |
    | control_s_axi_U/rdata[7]_i_2     | LUT.others.LUT6      |
    | control_s_axi_U/rdata[7]_i_1     | LUT.others.LUT3      |
    | control_s_axi_U/rdata_reg[7]     | FLOP_LATCH.flop.FDRE |
    | control_s_axi_U/waddr_reg[5]     | FLOP_LATCH.flop.FDRE |
    | control_s_axi_U/int_ap_start_i_3 | LUT.others.LUT2      |
    | control_s_axi_U/int_isr_i_2      | LUT.others.LUT6      |
    | control_s_axi_U/int_isr_i_1      | LUT.others.LUT5      |
    | control_s_axi_U/int_isr_reg      | FLOP_LATCH.flop.FDRE |
    +----------------------------------+----------------------+

    +----------------------------------+----------------------+
    | Path2 Cells                      | Primitive Type       |
    +----------------------------------+----------------------+
    | control_s_axi_U/int_c_ap_vld_reg | FLOP_LATCH.flop.FDRE |
    | control_s_axi_U/rdata[0]_i_5     | LUT.others.LUT5      |
    | control_s_axi_U/rdata[0]_i_3     | LUT.others.LUT6      |
    | control_s_axi_U/rdata[0]_i_1     | LUT.others.LUT6      |
    | control_s_axi_U/rdata_reg[0]     | FLOP_LATCH.flop.FDRE |
    | control_s_axi_U/rdata[9]_i_3     | LUT.others.LUT6      |
    | control_s_axi_U/rdata[2]_i_2     | LUT.others.LUT6      |
    | control_s_axi_U/rdata[2]_i_1     | LUT.others.LUT3      |
    | control_s_axi_U/rdata_reg[2]     | FLOP_LATCH.flop.FDRE |
    | control_s_axi_U/rdata[6]_i_3     | LUT.others.LUT6      |
    | control_s_axi_U/rdata[3]_i_2     | LUT.others.LUT6      |
    | control_s_axi_U/rdata[3]_i_1     | LUT.others.LUT3      |
    | control_s_axi_U/rdata_reg[3]     | FLOP_LATCH.flop.FDRE |
    | control_s_axi_U/rdata[6]_i_2     | LUT.others.LUT6      |
    | control_s_axi_U/rdata[7]_i_2     | LUT.others.LUT6      |
    | control_s_axi_U/rdata[7]_i_1     | LUT.others.LUT3      |
    | control_s_axi_U/rdata_reg[7]     | FLOP_LATCH.flop.FDRE |
    | control_s_axi_U/waddr_reg[5]     | FLOP_LATCH.flop.FDRE |
    | control_s_axi_U/int_ap_start_i_3 | LUT.others.LUT2      |
    | control_s_axi_U/int_isr_i_2      | LUT.others.LUT6      |
    | control_s_axi_U/int_isr_i_1      | LUT.others.LUT5      |
    | control_s_axi_U/int_isr_reg      | FLOP_LATCH.flop.FDRE |
    +----------------------------------+----------------------+

    +----------------------------------+----------------------+
    | Path3 Cells                      | Primitive Type       |
    +----------------------------------+----------------------+
    | control_s_axi_U/int_c_ap_vld_reg | FLOP_LATCH.flop.FDRE |
    | control_s_axi_U/rdata[0]_i_5     | LUT.others.LUT5      |
    | control_s_axi_U/rdata[0]_i_3     | LUT.others.LUT6      |
    | control_s_axi_U/rdata[0]_i_1     | LUT.others.LUT6      |
    | control_s_axi_U/rdata_reg[0]     | FLOP_LATCH.flop.FDRE |
    | control_s_axi_U/rdata[9]_i_3     | LUT.others.LUT6      |
    | control_s_axi_U/rdata[2]_i_2     | LUT.others.LUT6      |
    | control_s_axi_U/rdata[2]_i_1     | LUT.others.LUT3      |
    | control_s_axi_U/rdata_reg[2]     | FLOP_LATCH.flop.FDRE |
    | control_s_axi_U/rdata[6]_i_3     | LUT.others.LUT6      |
    | control_s_axi_U/rdata[3]_i_2     | LUT.others.LUT6      |
    | control_s_axi_U/rdata[3]_i_1     | LUT.others.LUT3      |
    | control_s_axi_U/rdata_reg[3]     | FLOP_LATCH.flop.FDRE |
    | control_s_axi_U/rdata[6]_i_2     | LUT.others.LUT6      |
    | control_s_axi_U/rdata[7]_i_2     | LUT.others.LUT6      |
    | control_s_axi_U/rdata[7]_i_1     | LUT.others.LUT3      |
    | control_s_axi_U/rdata_reg[7]     | FLOP_LATCH.flop.FDRE |
    | control_s_axi_U/waddr_reg[5]     | FLOP_LATCH.flop.FDRE |
    | control_s_axi_U/int_ap_start_i_3 | LUT.others.LUT2      |
    | control_s_axi_U/int_isr_i_2      | LUT.others.LUT6      |
    | control_s_axi_U/int_isr_i_1      | LUT.others.LUT5      |
    | control_s_axi_U/int_isr_reg      | FLOP_LATCH.flop.FDRE |
    +----------------------------------+----------------------+

    +----------------------------------+----------------------+
    | Path4 Cells                      | Primitive Type       |
    +----------------------------------+----------------------+
    | control_s_axi_U/int_c_ap_vld_reg | FLOP_LATCH.flop.FDRE |
    | control_s_axi_U/rdata[0]_i_5     | LUT.others.LUT5      |
    | control_s_axi_U/rdata[0]_i_3     | LUT.others.LUT6      |
    | control_s_axi_U/rdata[0]_i_1     | LUT.others.LUT6      |
    | control_s_axi_U/rdata_reg[0]     | FLOP_LATCH.flop.FDRE |
    | control_s_axi_U/rdata[9]_i_3     | LUT.others.LUT6      |
    | control_s_axi_U/rdata[2]_i_2     | LUT.others.LUT6      |
    | control_s_axi_U/rdata[2]_i_1     | LUT.others.LUT3      |
    | control_s_axi_U/rdata_reg[2]     | FLOP_LATCH.flop.FDRE |
    | control_s_axi_U/rdata[6]_i_3     | LUT.others.LUT6      |
    | control_s_axi_U/rdata[3]_i_2     | LUT.others.LUT6      |
    | control_s_axi_U/rdata[3]_i_1     | LUT.others.LUT3      |
    | control_s_axi_U/rdata_reg[3]     | FLOP_LATCH.flop.FDRE |
    | control_s_axi_U/rdata[6]_i_2     | LUT.others.LUT6      |
    | control_s_axi_U/rdata[7]_i_2     | LUT.others.LUT6      |
    | control_s_axi_U/rdata[7]_i_1     | LUT.others.LUT3      |
    | control_s_axi_U/rdata_reg[7]     | FLOP_LATCH.flop.FDRE |
    | control_s_axi_U/waddr_reg[5]     | FLOP_LATCH.flop.FDRE |
    | control_s_axi_U/int_ap_start_i_3 | LUT.others.LUT2      |
    | control_s_axi_U/int_isr_i_2      | LUT.others.LUT6      |
    | control_s_axi_U/int_isr_i_1      | LUT.others.LUT5      |
    | control_s_axi_U/int_isr_reg      | FLOP_LATCH.flop.FDRE |
    +----------------------------------+----------------------+

    +----------------------------------+----------------------+
    | Path5 Cells                      | Primitive Type       |
    +----------------------------------+----------------------+
    | control_s_axi_U/int_c_ap_vld_reg | FLOP_LATCH.flop.FDRE |
    | control_s_axi_U/rdata[0]_i_5     | LUT.others.LUT5      |
    | control_s_axi_U/rdata[0]_i_3     | LUT.others.LUT6      |
    | control_s_axi_U/rdata[0]_i_1     | LUT.others.LUT6      |
    | control_s_axi_U/rdata_reg[0]     | FLOP_LATCH.flop.FDRE |
    | control_s_axi_U/rdata[9]_i_3     | LUT.others.LUT6      |
    | control_s_axi_U/rdata[2]_i_2     | LUT.others.LUT6      |
    | control_s_axi_U/rdata[2]_i_1     | LUT.others.LUT3      |
    | control_s_axi_U/rdata_reg[2]     | FLOP_LATCH.flop.FDRE |
    | control_s_axi_U/rdata[6]_i_3     | LUT.others.LUT6      |
    | control_s_axi_U/rdata[3]_i_2     | LUT.others.LUT6      |
    | control_s_axi_U/rdata[3]_i_1     | LUT.others.LUT3      |
    | control_s_axi_U/rdata_reg[3]     | FLOP_LATCH.flop.FDRE |
    | control_s_axi_U/rdata[6]_i_2     | LUT.others.LUT6      |
    | control_s_axi_U/rdata[7]_i_2     | LUT.others.LUT6      |
    | control_s_axi_U/rdata[7]_i_1     | LUT.others.LUT3      |
    | control_s_axi_U/rdata_reg[7]     | FLOP_LATCH.flop.FDRE |
    | control_s_axi_U/waddr_reg[5]     | FLOP_LATCH.flop.FDRE |
    | control_s_axi_U/int_ap_start_i_3 | LUT.others.LUT2      |
    | control_s_axi_U/int_isr_i_2      | LUT.others.LUT6      |
    | control_s_axi_U/int_isr_i_1      | LUT.others.LUT5      |
    | control_s_axi_U/int_isr_reg      | FLOP_LATCH.flop.FDRE |
    +----------------------------------+----------------------+


================================================================
== Place & Route Vivado Reports
================================================================
+--------------------------+---------------------------------------------------------------+
| Report Type              | Report Location                                               |
+--------------------------+---------------------------------------------------------------+
| design_analysis          | impl/verilog/report/adder_design_analysis_routed.rpt          |
| failfast                 | impl/verilog/report/adder_failfast_routed.rpt                 |
| power                    | impl/verilog/report/adder_power_routed.rpt                    |
| status                   | impl/verilog/report/adder_status_routed.rpt                   |
| timing                   | impl/verilog/report/adder_timing_routed.rpt                   |
| timing_paths             | impl/verilog/report/adder_timing_paths_routed.rpt             |
| utilization              | impl/verilog/report/adder_utilization_routed.rpt              |
| utilization_hierarchical | impl/verilog/report/adder_utilization_hierarchical_routed.rpt |
+--------------------------+---------------------------------------------------------------+


