

Implementation tool: Xilinx Vivado v.2024.2
Project:             adder_new
Solution:            hls
Device target:       xc7s50-csga324-1
Report date:         Mon Jul 14 19:57:37 -0300 2025

#=== Post-Implementation Resource usage ===
SLICE:           22
LUT:             63
FF:              61
DSP:              0
BRAM:             0
URAM:             0
LATCH:            0
SRL:              0
CLB:              0

#=== Final timing ===
CP required:                     10.000
CP achieved post-synthesis:      NA
CP achieved post-implementation: NA
No Sequential Path
