Copyright 1986-2022 Xilinx, Inc. All Rights Reserved. Copyright 2022-2024 Advanced Micro Devices, Inc. All Rights Reserved.
---------------------------------------------------------------------------------------------------------------------------------------------
| Tool Version : Vivado v.2024.2 (win64) Build 5239630 Fri Nov 08 22:35:27 MST 2024
| Date         : Mon Jun 23 16:21:18 2025
| Host         : DESKTOP-8L9PMU5 running 64-bit major release  (build 9200)
| Command      : report_design_analysis -file ./report/adder_design_analysis_routed.rpt
| Design       : bd_0_wrapper
| Device       : xc7s50
| Design State : Routed
---------------------------------------------------------------------------------------------------------------------------------------------

Report Design Analysis

Table of Contents
-----------------
1. Setup Path Characteristics 1-1
2. Logic Level Distribution
3. Placer Final Level Congestion Reporting
4. Initial Estimated Router Congestion Reporting
5. SLR Net Crossing Reporting

1. Setup Path Characteristics 1-1
---------------------------------

+---------------------------+----------------------------------------------+
|      Characteristics      |                    Path #1                   |
+---------------------------+----------------------------------------------+
| Requirement               | inf                                          |
| Path Delay                | 3.571                                        |
| Logic Delay               | 0.828(24%)                                   |
| Net Delay                 | 2.743(76%)                                   |
| Clock Skew                | 0.000                                        |
| Slack                     | inf                                          |
| Clock Uncertainty         | 0.000                                        |
| Clock Relationship        | Safely Timed                                 |
| Clock Delay Group         | Same Clock                                   |
| Logic Levels              | 4                                            |
| Routes                    | 3                                            |
| Logical Path              | FDRE/C-(2)-LUT5-(1)-LUT6-(1)-LUT6-(1)-FDRE/D |
| Start Point Clock         |                                              |
| End Point Clock           |                                              |
| DSP Block                 | None                                         |
| RAM Registers             | None-None                                    |
| IO Crossings              | 0                                            |
| Config Crossings          | 0                                            |
| SLR Crossings             | 0                                            |
| PBlocks                   | 0                                            |
| High Fanout               | 2                                            |
| Dont Touch                | 0                                            |
| Mark Debug                | 0                                            |
| Start Point Pin Primitive | FDRE/C                                       |
| End Point Pin Primitive   | FDRE/D                                       |
| Start Point Pin           | int_c_ap_vld_reg/C                           |
| End Point Pin             | rdata_reg[0]/D                               |
+---------------------------+----------------------------------------------+
* Bounding box calculated as % of dimensions for the target device (188, 300)


2. Logic Level Distribution
---------------------------

+-----------------+-------------+---+----+----+----+---+---+
| End Point Clock | Requirement | 0 |  1 |  2 |  3 | 4 | 5 |
+-----------------+-------------+---+----+----+----+---+---+
| (none)          | 0.000ns     | 4 | 67 | 58 | 14 | 6 | 1 |
+-----------------+-------------+---+----+----+----+---+---+
* Columns represent the logic levels per end point clock
** Distribution is for top worst 150 paths


3. Placer Final Level Congestion Reporting
------------------------------------------

+-----------+------+-------+------------+--------+---------------+---------------+-----+--------+------+------+------+-----+-------+-----+------------+
| Direction | Type | Level | Congestion | Window | Combined LUTs | Avg LUT Input | LUT | LUTRAM | Flop | MUXF | RAMB | DSP | CARRY | SRL | Cell Names |
+-----------+------+-------+------------+--------+---------------+---------------+-----+--------+------+------+------+-----+-------+-----+------------+
* No congestion windows are found above level 5


4. Initial Estimated Router Congestion Reporting
------------------------------------------------

+-----------+------+-------+------------------+--------+---------------+---------------+-----+--------+------+------+------+-----+-------+-----+------------+
| Direction | Type | Level | Percentage Tiles | Window | Combined LUTs | Avg LUT Input | LUT | LUTRAM | Flop | MUXF | RAMB | DSP | CARRY | SRL | Cell Names |
+-----------+------+-------+------------------+--------+---------------+---------------+-----+--------+------+------+------+-----+-------+-----+------------+
* No router congested regions found.
** No initial estimated congestion windows are found above level 5


5. SLR Net Crossing Reporting
-----------------------------

+------------+-----------------------------+
| Cell Names | Number of Nets crossing SLR |
+------------+-----------------------------+
* The current part is not an SSI device


