

Implementation tool: Xilinx Vivado v.2025.1
Project:             soma_arrays_800
Solution:            hls
Device target:       xc7s50-csga324-1
Report date:         Fri Jul 18 17:56:26 -0300 2025

#=== Post-Implementation Resource usage ===
SLICE:           64
LUT:            145
FF:             144
DSP:              3
BRAM:             6
URAM:             0
LATCH:            0
SRL:              6
CLB:              0

#=== Final timing ===
CP required:                     10.000
CP achieved post-synthesis:      5.745
CP achieved post-implementation: 5.692
Timing met
