================================================================
== Vivado RTL Synthesis Results
================================================================
+ General Information:
    * Date:            Mon Jun 23 16:21:20 -0300 2025
    * Version:         2024.2 (Build 5238294 on Nov  8 2024)
    * Project:         adder
    * Solution:        hls (Vivado IP Flow Target)
    * Product family:  spartan7
    * Target device:   xc7s50-csga324-1


================================================================
== Run Constraints & Options
================================================================
+ Design Constraints & Options:
    * RTL Synthesis target clock:  20 ns
    * C-Synthesis target clock:    20 ns
    * C-Synthesis uncertainty:     27%

+ RTL Synthesis Options:
    * config_export -vivado_synth_strategy:     default
    * config_export -vivado_synth_design_args:  -directive sdx_optimization_effort_high

+ Reporting Options:
    * config_export -vivado_report_level:      2
    * config_export -vivado_max_timing_paths:  10


================================================================
== RTL Synthesis Resource Summary
================================================================
LUT:              57
FF:               55
DSP:              0
BRAM:             0
URAM:             0
SRL:              0


================================================================
== RTL Synthesis Timing Summary
================================================================
* Timing was not available
+----------------+-------------+
| Timing         | Period (ns) |
+----------------+-------------+
| Target         | 20.000      |
| Post-Synthesis | NA          |
+----------------+-------------+


================================================================
== RTL Synthesis Resources
================================================================
+-------------------+-----+----+-----+------+------+-----+--------+------+---------+----------+--------+
| Name              | LUT | FF | DSP | BRAM | URAM | SRL | Pragma | Impl | Latency | Variable | Source |
+-------------------+-----+----+-----+------+------+-----+--------+------+---------+----------+--------+
| inst              | 57  | 55 |     |      |      |     |        |      |         |          |        |
|   control_s_axi_U | 57  | 55 |     |      |      |     |        |      |         |          |        |
+-------------------+-----+----+-----+------+------+-----+--------+------+---------+----------+--------+


================================================================
== RTL Synthesis Fail Fast
================================================================
+-----------------------------------------------------------+-----------+--------+--------+
| Criteria                                                  | Guideline | Actual | Status |
+-----------------------------------------------------------+-----------+--------+--------+
| LUT                                                       | 70%       | 0.17%  | OK     |
| FD                                                        | 50%       | 0.08%  | OK     |
| LUTRAM+SRL                                                | 25%       | 0.00%  | OK     |
| MUXF7                                                     | 15%       | 0.00%  | OK     |
| DSP                                                       | 80%       | 0.00%  | OK     |
| RAMB/FIFO                                                 | 80%       | 0.00%  | OK     |
| DSP+RAMB+URAM (Avg)                                       | 70%       | 0.00%  | OK     |
| BUFGCE* + BUFGCTRL                                        | 24        | 0      | OK     |
| DONT_TOUCH (cells/nets)                                   | 0         | 0      | OK     |
| MARK_DEBUG (nets)                                         | 0         | 0      | OK     |
| Control Sets                                              | 611       | 6      | OK     |
| Average Fanout for modules > 100k cells                   | 4         | 2.30   | OK     |
| Max Average Fanout for modules > 100k cells               | 4         | 0      | OK     |
| Non-FD high fanout nets > 10k loads                       | 0         | 0      | OK     |
+-----------------------------------------------------------+-----------+--------+--------+
| TIMING-6 (No common primary clock between related clocks) | 0         | 0      | OK     |
| TIMING-7 (No common node between related clocks)          | 0         | 0      | OK     |
| TIMING-8 (No common period between related clocks)        | 0         | 0      | OK     |
| TIMING-14 (LUT on the clock tree)                         | 0         | 0      | OK     |
| TIMING-35 (No common node in paths with the same clock)   | 0         | 0      | OK     |
+-----------------------------------------------------------+-----------+--------+--------+
| Number of paths above max LUT budgeting (0.575ns)         | 0         | 0      | OK     |
| Number of paths above max Net budgeting (0.403ns)         | 0         | 0      | OK     |
+-----------------------------------------------------------+-----------+--------+--------+


================================================================
== RTL Synthesis Timing Paths
================================================================
* Timing was not available
+-------+-------+-------------------------+--------------------------------+--------------+------------+----------------+----------------+--------------+
| Path  | SLACK | STARTPOINT PIN          | ENDPOINT PIN                   | LOGIC LEVELS | MAX FANOUT | DATAPATH DELAY | DATAPATH LOGIC | DATAPATH NET |
|       |       |                         |                                |              |            |                |          DELAY |        DELAY |
+-------+-------+-------------------------+--------------------------------+--------------+------------+----------------+----------------+--------------+
| Path1 |       | s_axi_control_araddr[2] | control_s_axi_U/rdata_reg[0]/D |            3 |          8 |          2.943 |          0.372 |        2.571 |
| Path2 |       | s_axi_control_araddr[4] | control_s_axi_U/rdata_reg[1]/D |            3 |          7 |          2.793 |          0.372 |        2.421 |
| Path3 |       | s_axi_control_araddr[4] | control_s_axi_U/rdata_reg[3]/D |            3 |          7 |          2.793 |          0.372 |        2.421 |
| Path4 |       | s_axi_control_araddr[4] | control_s_axi_U/rdata_reg[2]/D |            3 |          7 |          2.785 |          0.364 |        2.421 |
| Path5 |       | s_axi_control_araddr[4] | control_s_axi_U/rdata_reg[7]/D |            3 |          7 |          2.785 |          0.364 |        2.421 |
+-------+-------+-------------------------+--------------------------------+--------------+------------+----------------+----------------+--------------+

    +------------------------------+----------------------+
    | Path1 Cells                  | Primitive Type       |
    +------------------------------+----------------------+
    | control_s_axi_U/rdata[6]_i_2 | LUT.others.LUT6      |
    | control_s_axi_U/rdata[0]_i_3 | LUT.others.LUT6      |
    | control_s_axi_U/rdata[0]_i_1 | LUT.others.LUT6      |
    | control_s_axi_U/rdata_reg[0] | FLOP_LATCH.flop.FDRE |
    | control_s_axi_U/rdata[9]_i_3 | LUT.others.LUT6      |
    | control_s_axi_U/rdata[1]_i_2 | LUT.others.LUT6      |
    | control_s_axi_U/rdata[1]_i_1 | LUT.others.LUT3      |
    | control_s_axi_U/rdata_reg[1] | FLOP_LATCH.flop.FDRE |
    | control_s_axi_U/rdata[9]_i_3 | LUT.others.LUT6      |
    | control_s_axi_U/rdata[3]_i_2 | LUT.others.LUT6      |
    | control_s_axi_U/rdata[3]_i_1 | LUT.others.LUT3      |
    | control_s_axi_U/rdata_reg[3] | FLOP_LATCH.flop.FDRE |
    | control_s_axi_U/rdata[9]_i_3 | LUT.others.LUT6      |
    | control_s_axi_U/rdata[2]_i_2 | LUT.others.LUT6      |
    | control_s_axi_U/rdata[2]_i_1 | LUT.others.LUT3      |
    | control_s_axi_U/rdata_reg[2] | FLOP_LATCH.flop.FDRE |
    | control_s_axi_U/rdata[9]_i_3 | LUT.others.LUT6      |
    | control_s_axi_U/rdata[7]_i_2 | LUT.others.LUT6      |
    | control_s_axi_U/rdata[7]_i_1 | LUT.others.LUT3      |
    | control_s_axi_U/rdata_reg[7] | FLOP_LATCH.flop.FDRE |
    +------------------------------+----------------------+

    +------------------------------+----------------------+
    | Path2 Cells                  | Primitive Type       |
    +------------------------------+----------------------+
    | control_s_axi_U/rdata[6]_i_2 | LUT.others.LUT6      |
    | control_s_axi_U/rdata[0]_i_3 | LUT.others.LUT6      |
    | control_s_axi_U/rdata[0]_i_1 | LUT.others.LUT6      |
    | control_s_axi_U/rdata_reg[0] | FLOP_LATCH.flop.FDRE |
    | control_s_axi_U/rdata[9]_i_3 | LUT.others.LUT6      |
    | control_s_axi_U/rdata[1]_i_2 | LUT.others.LUT6      |
    | control_s_axi_U/rdata[1]_i_1 | LUT.others.LUT3      |
    | control_s_axi_U/rdata_reg[1] | FLOP_LATCH.flop.FDRE |
    | control_s_axi_U/rdata[9]_i_3 | LUT.others.LUT6      |
    | control_s_axi_U/rdata[3]_i_2 | LUT.others.LUT6      |
    | control_s_axi_U/rdata[3]_i_1 | LUT.others.LUT3      |
    | control_s_axi_U/rdata_reg[3] | FLOP_LATCH.flop.FDRE |
    | control_s_axi_U/rdata[9]_i_3 | LUT.others.LUT6      |
    | control_s_axi_U/rdata[2]_i_2 | LUT.others.LUT6      |
    | control_s_axi_U/rdata[2]_i_1 | LUT.others.LUT3      |
    | control_s_axi_U/rdata_reg[2] | FLOP_LATCH.flop.FDRE |
    | control_s_axi_U/rdata[9]_i_3 | LUT.others.LUT6      |
    | control_s_axi_U/rdata[7]_i_2 | LUT.others.LUT6      |
    | control_s_axi_U/rdata[7]_i_1 | LUT.others.LUT3      |
    | control_s_axi_U/rdata_reg[7] | FLOP_LATCH.flop.FDRE |
    +------------------------------+----------------------+

    +------------------------------+----------------------+
    | Path3 Cells                  | Primitive Type       |
    +------------------------------+----------------------+
    | control_s_axi_U/rdata[6]_i_2 | LUT.others.LUT6      |
    | control_s_axi_U/rdata[0]_i_3 | LUT.others.LUT6      |
    | control_s_axi_U/rdata[0]_i_1 | LUT.others.LUT6      |
    | control_s_axi_U/rdata_reg[0] | FLOP_LATCH.flop.FDRE |
    | control_s_axi_U/rdata[9]_i_3 | LUT.others.LUT6      |
    | control_s_axi_U/rdata[1]_i_2 | LUT.others.LUT6      |
    | control_s_axi_U/rdata[1]_i_1 | LUT.others.LUT3      |
    | control_s_axi_U/rdata_reg[1] | FLOP_LATCH.flop.FDRE |
    | control_s_axi_U/rdata[9]_i_3 | LUT.others.LUT6      |
    | control_s_axi_U/rdata[3]_i_2 | LUT.others.LUT6      |
    | control_s_axi_U/rdata[3]_i_1 | LUT.others.LUT3      |
    | control_s_axi_U/rdata_reg[3] | FLOP_LATCH.flop.FDRE |
    | control_s_axi_U/rdata[9]_i_3 | LUT.others.LUT6      |
    | control_s_axi_U/rdata[2]_i_2 | LUT.others.LUT6      |
    | control_s_axi_U/rdata[2]_i_1 | LUT.others.LUT3      |
    | control_s_axi_U/rdata_reg[2] | FLOP_LATCH.flop.FDRE |
    | control_s_axi_U/rdata[9]_i_3 | LUT.others.LUT6      |
    | control_s_axi_U/rdata[7]_i_2 | LUT.others.LUT6      |
    | control_s_axi_U/rdata[7]_i_1 | LUT.others.LUT3      |
    | control_s_axi_U/rdata_reg[7] | FLOP_LATCH.flop.FDRE |
    +------------------------------+----------------------+

    +------------------------------+----------------------+
    | Path4 Cells                  | Primitive Type       |
    +------------------------------+----------------------+
    | control_s_axi_U/rdata[6]_i_2 | LUT.others.LUT6      |
    | control_s_axi_U/rdata[0]_i_3 | LUT.others.LUT6      |
    | control_s_axi_U/rdata[0]_i_1 | LUT.others.LUT6      |
    | control_s_axi_U/rdata_reg[0] | FLOP_LATCH.flop.FDRE |
    | control_s_axi_U/rdata[9]_i_3 | LUT.others.LUT6      |
    | control_s_axi_U/rdata[1]_i_2 | LUT.others.LUT6      |
    | control_s_axi_U/rdata[1]_i_1 | LUT.others.LUT3      |
    | control_s_axi_U/rdata_reg[1] | FLOP_LATCH.flop.FDRE |
    | control_s_axi_U/rdata[9]_i_3 | LUT.others.LUT6      |
    | control_s_axi_U/rdata[3]_i_2 | LUT.others.LUT6      |
    | control_s_axi_U/rdata[3]_i_1 | LUT.others.LUT3      |
    | control_s_axi_U/rdata_reg[3] | FLOP_LATCH.flop.FDRE |
    | control_s_axi_U/rdata[9]_i_3 | LUT.others.LUT6      |
    | control_s_axi_U/rdata[2]_i_2 | LUT.others.LUT6      |
    | control_s_axi_U/rdata[2]_i_1 | LUT.others.LUT3      |
    | control_s_axi_U/rdata_reg[2] | FLOP_LATCH.flop.FDRE |
    | control_s_axi_U/rdata[9]_i_3 | LUT.others.LUT6      |
    | control_s_axi_U/rdata[7]_i_2 | LUT.others.LUT6      |
    | control_s_axi_U/rdata[7]_i_1 | LUT.others.LUT3      |
    | control_s_axi_U/rdata_reg[7] | FLOP_LATCH.flop.FDRE |
    +------------------------------+----------------------+

    +------------------------------+----------------------+
    | Path5 Cells                  | Primitive Type       |
    +------------------------------+----------------------+
    | control_s_axi_U/rdata[6]_i_2 | LUT.others.LUT6      |
    | control_s_axi_U/rdata[0]_i_3 | LUT.others.LUT6      |
    | control_s_axi_U/rdata[0]_i_1 | LUT.others.LUT6      |
    | control_s_axi_U/rdata_reg[0] | FLOP_LATCH.flop.FDRE |
    | control_s_axi_U/rdata[9]_i_3 | LUT.others.LUT6      |
    | control_s_axi_U/rdata[1]_i_2 | LUT.others.LUT6      |
    | control_s_axi_U/rdata[1]_i_1 | LUT.others.LUT3      |
    | control_s_axi_U/rdata_reg[1] | FLOP_LATCH.flop.FDRE |
    | control_s_axi_U/rdata[9]_i_3 | LUT.others.LUT6      |
    | control_s_axi_U/rdata[3]_i_2 | LUT.others.LUT6      |
    | control_s_axi_U/rdata[3]_i_1 | LUT.others.LUT3      |
    | control_s_axi_U/rdata_reg[3] | FLOP_LATCH.flop.FDRE |
    | control_s_axi_U/rdata[9]_i_3 | LUT.others.LUT6      |
    | control_s_axi_U/rdata[2]_i_2 | LUT.others.LUT6      |
    | control_s_axi_U/rdata[2]_i_1 | LUT.others.LUT3      |
    | control_s_axi_U/rdata_reg[2] | FLOP_LATCH.flop.FDRE |
    | control_s_axi_U/rdata[9]_i_3 | LUT.others.LUT6      |
    | control_s_axi_U/rdata[7]_i_2 | LUT.others.LUT6      |
    | control_s_axi_U/rdata[7]_i_1 | LUT.others.LUT3      |
    | control_s_axi_U/rdata_reg[7] | FLOP_LATCH.flop.FDRE |
    +------------------------------+----------------------+


================================================================
== RTL Synthesis Vivado Reports
================================================================
+--------------------------+--------------------------------------------------------------+
| Report Type              | Report Location                                              |
+--------------------------+--------------------------------------------------------------+
| design_analysis          | impl/verilog/report/adder_design_analysis_synth.rpt          |
| failfast                 | impl/verilog/report/adder_failfast_synth.rpt                 |
| power                    | impl/verilog/report/adder_power_synth.rpt                    |
| timing                   | impl/verilog/report/adder_timing_synth.rpt                   |
| timing_paths             | impl/verilog/report/adder_timing_paths_synth.rpt             |
| utilization              | impl/verilog/report/adder_utilization_synth.rpt              |
| utilization_hierarchical | impl/verilog/report/adder_utilization_hierarchical_synth.rpt |
+--------------------------+--------------------------------------------------------------+


