

Implementation tool: Xilinx Vivado v.2025.1
Project:             soma_arrays_1600
Solution:            hls
Device target:       xc7s50-csga324-1
Report date:         Mon Jul 28 11:13:23 -0300 2025

#=== Post-Implementation Resource usage ===
SLICE:           58
LUT:            155
FF:             157
DSP:              3
BRAM:            12
URAM:             0
LATCH:            0
SRL:              8
CLB:              0

#=== Final timing ===
CP required:                     10.000
CP achieved post-synthesis:      5.745
CP achieved post-implementation: 5.692
Timing met
